17:12:31 - util - DEBUG - <module>: 50 - split None
17:14:15 - util - DEBUG - <module>: 50 - split None
17:14:42 - util - DEBUG - <module>: 50 - split https://br.fas.gov.ru/cases/271b7ff6-23ae-46d9-bffc-18d4c1caecef/
17:14:48 - util - DEBUG - <module>: 50 - split https://br.fas.gov.ru/cases/271b7ff6-23ae-46d9-bffc-18d4c1caecef/
17:14:58 - util - DEBUG - <module>: 50 - split https://br.fas.gov.ru/cases/271b7ff6-23ae-46d9-bffc-18d4c1caecef/
17:15:15 - util - DEBUG - <module>: 51 - split https://br.fas.gov.ru/cases/271b7ff6-23ae-46d9-bffc-18d4c1caecef/
17:15:25 - util - DEBUG - <module>: 51 - split https://br.fas.gov.ru/cases/271b7ff6-23ae-46d9-bffc-18d4c1caecef/
17:17:51 - connectionpool - DEBUG - _new_conn: 1001 - Starting new HTTPS connection (1): br.fas.gov.ru:443
17:17:52 - connectionpool - DEBUG - _make_request: 456 - https://br.fas.gov.ru:443 "GET /cases/271b7ff6-23ae-46d9-bffc-18d4c1caecef/?User-Agent=Mozilla%2F5.0+%28Macintosh%3B+Intel+Mac+OS+X+10.15%3B+rv%3A99.0%29+Gecko%2F20100101+Firefox%2F99.0 HTTP/1.1" 200 None
17:17:52 - connectionpool - DEBUG - _new_conn: 1001 - Starting new HTTPS connection (1): br.fas.gov.ru:443
17:17:53 - connectionpool - DEBUG - _make_request: 456 - https://br.fas.gov.ru:443 "GET /cases/b62f2712-aeb6-4939-8e64-87b3f44e86b7/?User-Agent=Mozilla%2F5.0+%28Macintosh%3B+Intel+Mac+OS+X+10.15%3B+rv%3A99.0%29+Gecko%2F20100101+Firefox%2F99.0 HTTP/1.1" 200 None
17:17:53 - connectionpool - DEBUG - _new_conn: 1001 - Starting new HTTPS connection (1): br.fas.gov.ru:443
17:17:53 - connectionpool - DEBUG - _make_request: 456 - https://br.fas.gov.ru:443 "GET /cases/61c1df2e-d965-45f8-aeaa-3b0eaabf04c9/?User-Agent=Mozilla%2F5.0+%28Macintosh%3B+Intel+Mac+OS+X+10.15%3B+rv%3A99.0%29+Gecko%2F20100101+Firefox%2F99.0 HTTP/1.1" 200 None
17:17:53 - connectionpool - DEBUG - _new_conn: 1001 - Starting new HTTPS connection (1): br.fas.gov.ru:443
17:17:54 - connectionpool - DEBUG - _make_request: 456 - https://br.fas.gov.ru:443 "GET /cases/d4845d3a-2e2f-4da0-8152-c26e89cda293/?User-Agent=Mozilla%2F5.0+%28Macintosh%3B+Intel+Mac+OS+X+10.15%3B+rv%3A99.0%29+Gecko%2F20100101+Firefox%2F99.0 HTTP/1.1" 200 None
17:17:54 - connectionpool - DEBUG - _new_conn: 1001 - Starting new HTTPS connection (1): br.fas.gov.ru:443
17:17:55 - connectionpool - DEBUG - _make_request: 456 - https://br.fas.gov.ru:443 "GET /cases/90cbe7e3-9623-4f0d-8f38-dbb8042f7f32/?User-Agent=Mozilla%2F5.0+%28Macintosh%3B+Intel+Mac+OS+X+10.15%3B+rv%3A99.0%29+Gecko%2F20100101+Firefox%2F99.0 HTTP/1.1" 200 None
17:17:55 - connectionpool - DEBUG - _new_conn: 1001 - Starting new HTTPS connection (1): br.fas.gov.ru:443
17:17:55 - connectionpool - DEBUG - _make_request: 456 - https://br.fas.gov.ru:443 "GET /cases/77ae2bfa-a902-4aa9-a05c-c4660fbb524d/?User-Agent=Mozilla%2F5.0+%28Macintosh%3B+Intel+Mac+OS+X+10.15%3B+rv%3A99.0%29+Gecko%2F20100101+Firefox%2F99.0 HTTP/1.1" 200 None
17:17:55 - connectionpool - DEBUG - _new_conn: 1001 - Starting new HTTPS connection (1): br.fas.gov.ru:443
17:17:56 - connectionpool - DEBUG - _make_request: 456 - https://br.fas.gov.ru:443 "GET /cases/6dbb67eb-946f-4feb-b84a-137b14f650e0/?User-Agent=Mozilla%2F5.0+%28Macintosh%3B+Intel+Mac+OS+X+10.15%3B+rv%3A99.0%29+Gecko%2F20100101+Firefox%2F99.0 HTTP/1.1" 200 None
17:17:56 - connectionpool - DEBUG - _new_conn: 1001 - Starting new HTTPS connection (1): br.fas.gov.ru:443
17:17:57 - connectionpool - DEBUG - _make_request: 456 - https://br.fas.gov.ru:443 "GET /cases/2f483406-b04e-472e-9a22-517964d9ac66/?User-Agent=Mozilla%2F5.0+%28Macintosh%3B+Intel+Mac+OS+X+10.15%3B+rv%3A99.0%29+Gecko%2F20100101+Firefox%2F99.0 HTTP/1.1" 200 None
17:17:57 - connectionpool - DEBUG - _new_conn: 1001 - Starting new HTTPS connection (1): br.fas.gov.ru:443
17:17:57 - connectionpool - DEBUG - _make_request: 456 - https://br.fas.gov.ru:443 "GET /cases/0b116bda-eb5a-47c1-8cc0-87d42279bc3e/?User-Agent=Mozilla%2F5.0+%28Macintosh%3B+Intel+Mac+OS+X+10.15%3B+rv%3A99.0%29+Gecko%2F20100101+Firefox%2F99.0 HTTP/1.1" 200 None
17:17:57 - connectionpool - DEBUG - _new_conn: 1001 - Starting new HTTPS connection (1): br.fas.gov.ru:443
17:17:58 - connectionpool - DEBUG - _make_request: 456 - https://br.fas.gov.ru:443 "GET /cases/713298b3-709e-45dd-9660-6079e63a5cb2/?User-Agent=Mozilla%2F5.0+%28Macintosh%3B+Intel+Mac+OS+X+10.15%3B+rv%3A99.0%29+Gecko%2F20100101+Firefox%2F99.0 HTTP/1.1" 200 None
17:28:36 - connectionpool - DEBUG - _new_conn: 1001 - Starting new HTTPS connection (1): br.fas.gov.ru:443
17:28:37 - connectionpool - DEBUG - _make_request: 456 - https://br.fas.gov.ru:443 "GET /cases/271b7ff6-23ae-46d9-bffc-18d4c1caecef/?User-Agent=Mozilla%2F5.0+%28Macintosh%3B+Intel+Mac+OS+X+10.15%3B+rv%3A99.0%29+Gecko%2F20100101+Firefox%2F99.0 HTTP/1.1" 200 None
17:31:28 - connectionpool - DEBUG - _new_conn: 1001 - Starting new HTTPS connection (1): br.fas.gov.ru:443
17:31:29 - connectionpool - DEBUG - _make_request: 456 - https://br.fas.gov.ru:443 "GET /cases/271b7ff6-23ae-46d9-bffc-18d4c1caecef/?User-Agent=Mozilla%2F5.0+%28Macintosh%3B+Intel+Mac+OS+X+10.15%3B+rv%3A99.0%29+Gecko%2F20100101+Firefox%2F99.0 HTTP/1.1" 200 None
17:32:25 - connectionpool - DEBUG - _new_conn: 1001 - Starting new HTTPS connection (1): br.fas.gov.ru:443
17:32:26 - connectionpool - DEBUG - _make_request: 456 - https://br.fas.gov.ru:443 "GET /cases/271b7ff6-23ae-46d9-bffc-18d4c1caecef/?User-Agent=Mozilla%2F5.0+%28Macintosh%3B+Intel+Mac+OS+X+10.15%3B+rv%3A99.0%29+Gecko%2F20100101+Firefox%2F99.0 HTTP/1.1" 200 None
17:33:15 - connectionpool - DEBUG - _new_conn: 1001 - Starting new HTTPS connection (1): br.fas.gov.ru:443
17:33:15 - connectionpool - DEBUG - _make_request: 456 - https://br.fas.gov.ru:443 "GET /cases/271b7ff6-23ae-46d9-bffc-18d4c1caecef/?User-Agent=Mozilla%2F5.0+%28Macintosh%3B+Intel+Mac+OS+X+10.15%3B+rv%3A99.0%29+Gecko%2F20100101+Firefox%2F99.0 HTTP/1.1" 200 None
17:34:34 - connectionpool - DEBUG - _new_conn: 1001 - Starting new HTTPS connection (1): br.fas.gov.ru:443
17:34:35 - connectionpool - DEBUG - _make_request: 456 - https://br.fas.gov.ru:443 "GET /cases/271b7ff6-23ae-46d9-bffc-18d4c1caecef/?User-Agent=Mozilla%2F5.0+%28Macintosh%3B+Intel+Mac+OS+X+10.15%3B+rv%3A99.0%29+Gecko%2F20100101+Firefox%2F99.0 HTTP/1.1" 200 None
17:35:33 - connectionpool - DEBUG - _new_conn: 1001 - Starting new HTTPS connection (1): br.fas.gov.ru:443
17:35:33 - connectionpool - DEBUG - _make_request: 456 - https://br.fas.gov.ru:443 "GET /cases/271b7ff6-23ae-46d9-bffc-18d4c1caecef/?User-Agent=Mozilla%2F5.0+%28Macintosh%3B+Intel+Mac+OS+X+10.15%3B+rv%3A99.0%29+Gecko%2F20100101+Firefox%2F99.0 HTTP/1.1" 200 None
17:36:35 - connectionpool - DEBUG - _new_conn: 1001 - Starting new HTTPS connection (1): br.fas.gov.ru:443
17:36:35 - connectionpool - DEBUG - _make_request: 456 - https://br.fas.gov.ru:443 "GET /cases/271b7ff6-23ae-46d9-bffc-18d4c1caecef/?User-Agent=Mozilla%2F5.0+%28Macintosh%3B+Intel+Mac+OS+X+10.15%3B+rv%3A99.0%29+Gecko%2F20100101+Firefox%2F99.0 HTTP/1.1" 200 None
17:37:23 - connectionpool - DEBUG - _new_conn: 1001 - Starting new HTTPS connection (1): br.fas.gov.ru:443
17:37:24 - connectionpool - DEBUG - _make_request: 456 - https://br.fas.gov.ru:443 "GET /cases/271b7ff6-23ae-46d9-bffc-18d4c1caecef/?User-Agent=Mozilla%2F5.0+%28Macintosh%3B+Intel+Mac+OS+X+10.15%3B+rv%3A99.0%29+Gecko%2F20100101+Firefox%2F99.0 HTTP/1.1" 200 None
17:37:38 - connectionpool - DEBUG - _new_conn: 1001 - Starting new HTTPS connection (1): br.fas.gov.ru:443
17:37:39 - connectionpool - DEBUG - _make_request: 456 - https://br.fas.gov.ru:443 "GET /cases/271b7ff6-23ae-46d9-bffc-18d4c1caecef/?User-Agent=Mozilla%2F5.0+%28Macintosh%3B+Intel+Mac+OS+X+10.15%3B+rv%3A99.0%29+Gecko%2F20100101+Firefox%2F99.0 HTTP/1.1" 200 None
17:37:48 - connectionpool - DEBUG - _new_conn: 1001 - Starting new HTTPS connection (1): br.fas.gov.ru:443
17:37:49 - connectionpool - DEBUG - _make_request: 456 - https://br.fas.gov.ru:443 "GET /cases/271b7ff6-23ae-46d9-bffc-18d4c1caecef/?User-Agent=Mozilla%2F5.0+%28Macintosh%3B+Intel+Mac+OS+X+10.15%3B+rv%3A99.0%29+Gecko%2F20100101+Firefox%2F99.0 HTTP/1.1" 200 None
09:29:42 - connectionpool - DEBUG - _new_conn: 1001 - Starting new HTTPS connection (1): br.fas.gov.ru:443
09:29:42 - connectionpool - DEBUG - _make_request: 456 - https://br.fas.gov.ru:443 "GET /cases/271b7ff6-23ae-46d9-bffc-18d4c1caecef/?User-Agent=Mozilla%2F5.0+%28Macintosh%3B+Intel+Mac+OS+X+10.15%3B+rv%3A99.0%29+Gecko%2F20100101+Firefox%2F99.0 HTTP/1.1" 200 None
09:31:23 - connectionpool - DEBUG - _new_conn: 1001 - Starting new HTTPS connection (1): br.fas.gov.ru:443
09:31:24 - connectionpool - DEBUG - _make_request: 456 - https://br.fas.gov.ru:443 "GET /cases/271b7ff6-23ae-46d9-bffc-18d4c1caecef/?User-Agent=Mozilla%2F5.0+%28Macintosh%3B+Intel+Mac+OS+X+10.15%3B+rv%3A99.0%29+Gecko%2F20100101+Firefox%2F99.0 HTTP/1.1" 200 None
09:38:12 - connectionpool - DEBUG - _new_conn: 1001 - Starting new HTTPS connection (1): br.fas.gov.ru:443
09:38:13 - connectionpool - DEBUG - _make_request: 456 - https://br.fas.gov.ru:443 "GET /cases/271b7ff6-23ae-46d9-bffc-18d4c1caecef/?User-Agent=Mozilla%2F5.0+%28Macintosh%3B+Intel+Mac+OS+X+10.15%3B+rv%3A99.0%29+Gecko%2F20100101+Firefox%2F99.0 HTTP/1.1" 200 None
09:39:03 - connectionpool - DEBUG - _new_conn: 1001 - Starting new HTTPS connection (1): br.fas.gov.ru:443
09:39:03 - connectionpool - DEBUG - _make_request: 456 - https://br.fas.gov.ru:443 "GET /cases/271b7ff6-23ae-46d9-bffc-18d4c1caecef/?User-Agent=Mozilla%2F5.0+%28Macintosh%3B+Intel+Mac+OS+X+10.15%3B+rv%3A99.0%29+Gecko%2F20100101+Firefox%2F99.0 HTTP/1.1" 200 None
09:39:35 - connectionpool - DEBUG - _new_conn: 1001 - Starting new HTTPS connection (1): br.fas.gov.ru:443
09:39:36 - connectionpool - DEBUG - _make_request: 456 - https://br.fas.gov.ru:443 "GET /cases/271b7ff6-23ae-46d9-bffc-18d4c1caecef/?User-Agent=Mozilla%2F5.0+%28Macintosh%3B+Intel+Mac+OS+X+10.15%3B+rv%3A99.0%29+Gecko%2F20100101+Firefox%2F99.0 HTTP/1.1" 200 None
09:42:09 - connectionpool - DEBUG - _new_conn: 1001 - Starting new HTTPS connection (1): br.fas.gov.ru:443
09:42:09 - connectionpool - DEBUG - _make_request: 456 - https://br.fas.gov.ru:443 "GET /cases/271b7ff6-23ae-46d9-bffc-18d4c1caecef/?User-Agent=Mozilla%2F5.0+%28Macintosh%3B+Intel+Mac+OS+X+10.15%3B+rv%3A99.0%29+Gecko%2F20100101+Firefox%2F99.0 HTTP/1.1" 200 None
10:01:18 - connectionpool - DEBUG - _new_conn: 1001 - Starting new HTTPS connection (1): br.fas.gov.ru:443
10:01:18 - connectionpool - DEBUG - _make_request: 456 - https://br.fas.gov.ru:443 "GET /cases/271b7ff6-23ae-46d9-bffc-18d4c1caecef/?User-Agent=Mozilla%2F5.0+%28Macintosh%3B+Intel+Mac+OS+X+10.15%3B+rv%3A99.0%29+Gecko%2F20100101+Firefox%2F99.0 HTTP/1.1" 200 None
10:01:32 - connectionpool - DEBUG - _new_conn: 1001 - Starting new HTTPS connection (1): br.fas.gov.ru:443
10:01:33 - connectionpool - DEBUG - _make_request: 456 - https://br.fas.gov.ru:443 "GET /cases/271b7ff6-23ae-46d9-bffc-18d4c1caecef/?User-Agent=Mozilla%2F5.0+%28Macintosh%3B+Intel+Mac+OS+X+10.15%3B+rv%3A99.0%29+Gecko%2F20100101+Firefox%2F99.0 HTTP/1.1" 200 None
10:02:58 - connectionpool - DEBUG - _new_conn: 1001 - Starting new HTTPS connection (1): br.fas.gov.ru:443
10:02:58 - connectionpool - DEBUG - _make_request: 456 - https://br.fas.gov.ru:443 "GET /cases/271b7ff6-23ae-46d9-bffc-18d4c1caecef/?User-Agent=Mozilla%2F5.0+%28Macintosh%3B+Intel+Mac+OS+X+10.15%3B+rv%3A99.0%29+Gecko%2F20100101+Firefox%2F99.0 HTTP/1.1" 200 None
10:03:34 - connectionpool - DEBUG - _new_conn: 1001 - Starting new HTTPS connection (1): br.fas.gov.ru:443
10:03:35 - connectionpool - DEBUG - _make_request: 456 - https://br.fas.gov.ru:443 "GET /cases/271b7ff6-23ae-46d9-bffc-18d4c1caecef/?User-Agent=Mozilla%2F5.0+%28Macintosh%3B+Intel+Mac+OS+X+10.15%3B+rv%3A99.0%29+Gecko%2F20100101+Firefox%2F99.0 HTTP/1.1" 200 None
10:04:01 - connectionpool - DEBUG - _new_conn: 1001 - Starting new HTTPS connection (1): br.fas.gov.ru:443
10:04:01 - connectionpool - DEBUG - _make_request: 456 - https://br.fas.gov.ru:443 "GET /cases/271b7ff6-23ae-46d9-bffc-18d4c1caecef/?User-Agent=Mozilla%2F5.0+%28Macintosh%3B+Intel+Mac+OS+X+10.15%3B+rv%3A99.0%29+Gecko%2F20100101+Firefox%2F99.0 HTTP/1.1" 200 None
14:06:09 - connectionpool - DEBUG - _new_conn: 1001 - Starting new HTTPS connection (1): br.fas.gov.ru:443
14:06:10 - connectionpool - DEBUG - _make_request: 456 - https://br.fas.gov.ru:443 "GET /cases/271b7ff6-23ae-46d9-bffc-18d4c1caecef/?User-Agent=Mozilla%2F5.0+%28Macintosh%3B+Intel+Mac+OS+X+10.15%3B+rv%3A99.0%29+Gecko%2F20100101+Firefox%2F99.0 HTTP/1.1" 200 None
14:30:44 - connectionpool - DEBUG - _new_conn: 1001 - Starting new HTTPS connection (1): br.fas.gov.ru:443
14:30:45 - connectionpool - DEBUG - _make_request: 456 - https://br.fas.gov.ru:443 "GET /cases/271b7ff6-23ae-46d9-bffc-18d4c1caecef/?User-Agent=Mozilla%2F5.0+%28Macintosh%3B+Intel+Mac+OS+X+10.15%3B+rv%3A99.0%29+Gecko%2F20100101+Firefox%2F99.0 HTTP/1.1" 200 None
14:31:30 - connectionpool - DEBUG - _new_conn: 1001 - Starting new HTTPS connection (1): br.fas.gov.ru:443
14:31:31 - connectionpool - DEBUG - _make_request: 456 - https://br.fas.gov.ru:443 "GET /cases/271b7ff6-23ae-46d9-bffc-18d4c1caecef/?User-Agent=Mozilla%2F5.0+%28Macintosh%3B+Intel+Mac+OS+X+10.15%3B+rv%3A99.0%29+Gecko%2F20100101+Firefox%2F99.0 HTTP/1.1" 200 None
14:33:52 - connectionpool - DEBUG - _new_conn: 1001 - Starting new HTTPS connection (1): br.fas.gov.ru:443
14:33:53 - connectionpool - DEBUG - _make_request: 456 - https://br.fas.gov.ru:443 "GET /cases/271b7ff6-23ae-46d9-bffc-18d4c1caecef/?User-Agent=Mozilla%2F5.0+%28Macintosh%3B+Intel+Mac+OS+X+10.15%3B+rv%3A99.0%29+Gecko%2F20100101+Firefox%2F99.0 HTTP/1.1" 200 None
14:47:37 - connectionpool - DEBUG - _new_conn: 1001 - Starting new HTTPS connection (1): br.fas.gov.ru:443
14:47:37 - connectionpool - DEBUG - _make_request: 456 - https://br.fas.gov.ru:443 "GET /cases/271b7ff6-23ae-46d9-bffc-18d4c1caecef/?User-Agent=Mozilla%2F5.0+%28Macintosh%3B+Intel+Mac+OS+X+10.15%3B+rv%3A99.0%29+Gecko%2F20100101+Firefox%2F99.0 HTTP/1.1" 200 None
14:49:19 - connectionpool - DEBUG - _new_conn: 1001 - Starting new HTTPS connection (1): br.fas.gov.ru:443
14:49:20 - connectionpool - DEBUG - _make_request: 456 - https://br.fas.gov.ru:443 "GET /cases/271b7ff6-23ae-46d9-bffc-18d4c1caecef/?User-Agent=Mozilla%2F5.0+%28Macintosh%3B+Intel+Mac+OS+X+10.15%3B+rv%3A99.0%29+Gecko%2F20100101+Firefox%2F99.0 HTTP/1.1" 200 None
14:49:38 - connectionpool - DEBUG - _new_conn: 1001 - Starting new HTTPS connection (1): br.fas.gov.ru:443
14:49:39 - connectionpool - DEBUG - _make_request: 456 - https://br.fas.gov.ru:443 "GET /cases/271b7ff6-23ae-46d9-bffc-18d4c1caecef/?User-Agent=Mozilla%2F5.0+%28Macintosh%3B+Intel+Mac+OS+X+10.15%3B+rv%3A99.0%29+Gecko%2F20100101+Firefox%2F99.0 HTTP/1.1" 200 None
14:50:02 - connectionpool - DEBUG - _new_conn: 1001 - Starting new HTTPS connection (1): br.fas.gov.ru:443
14:50:03 - connectionpool - DEBUG - _make_request: 456 - https://br.fas.gov.ru:443 "GET /cases/271b7ff6-23ae-46d9-bffc-18d4c1caecef/?User-Agent=Mozilla%2F5.0+%28Macintosh%3B+Intel+Mac+OS+X+10.15%3B+rv%3A99.0%29+Gecko%2F20100101+Firefox%2F99.0 HTTP/1.1" 200 None
14:50:12 - connectionpool - DEBUG - _new_conn: 1001 - Starting new HTTPS connection (1): br.fas.gov.ru:443
14:50:13 - connectionpool - DEBUG - _make_request: 456 - https://br.fas.gov.ru:443 "GET /cases/271b7ff6-23ae-46d9-bffc-18d4c1caecef/?User-Agent=Mozilla%2F5.0+%28Macintosh%3B+Intel+Mac+OS+X+10.15%3B+rv%3A99.0%29+Gecko%2F20100101+Firefox%2F99.0 HTTP/1.1" 200 None
14:51:04 - connectionpool - DEBUG - _new_conn: 1001 - Starting new HTTPS connection (1): br.fas.gov.ru:443
14:51:05 - connectionpool - DEBUG - _make_request: 456 - https://br.fas.gov.ru:443 "GET /cases/271b7ff6-23ae-46d9-bffc-18d4c1caecef/?User-Agent=Mozilla%2F5.0+%28Macintosh%3B+Intel+Mac+OS+X+10.15%3B+rv%3A99.0%29+Gecko%2F20100101+Firefox%2F99.0 HTTP/1.1" 200 None
14:51:14 - connectionpool - DEBUG - _new_conn: 1001 - Starting new HTTPS connection (1): br.fas.gov.ru:443
14:51:15 - connectionpool - DEBUG - _make_request: 456 - https://br.fas.gov.ru:443 "GET /cases/271b7ff6-23ae-46d9-bffc-18d4c1caecef/?User-Agent=Mozilla%2F5.0+%28Macintosh%3B+Intel+Mac+OS+X+10.15%3B+rv%3A99.0%29+Gecko%2F20100101+Firefox%2F99.0 HTTP/1.1" 200 None
14:51:37 - connectionpool - DEBUG - _new_conn: 1001 - Starting new HTTPS connection (1): br.fas.gov.ru:443
14:51:38 - connectionpool - DEBUG - _make_request: 456 - https://br.fas.gov.ru:443 "GET /cases/271b7ff6-23ae-46d9-bffc-18d4c1caecef/?User-Agent=Mozilla%2F5.0+%28Macintosh%3B+Intel+Mac+OS+X+10.15%3B+rv%3A99.0%29+Gecko%2F20100101+Firefox%2F99.0 HTTP/1.1" 200 None
14:52:29 - connectionpool - DEBUG - _new_conn: 1001 - Starting new HTTPS connection (1): br.fas.gov.ru:443
14:52:30 - connectionpool - DEBUG - _make_request: 456 - https://br.fas.gov.ru:443 "GET /cases/271b7ff6-23ae-46d9-bffc-18d4c1caecef/?User-Agent=Mozilla%2F5.0+%28Macintosh%3B+Intel+Mac+OS+X+10.15%3B+rv%3A99.0%29+Gecko%2F20100101+Firefox%2F99.0 HTTP/1.1" 200 None
14:52:50 - connectionpool - DEBUG - _new_conn: 1001 - Starting new HTTPS connection (1): br.fas.gov.ru:443
14:52:50 - connectionpool - DEBUG - _make_request: 456 - https://br.fas.gov.ru:443 "GET /cases/271b7ff6-23ae-46d9-bffc-18d4c1caecef/?User-Agent=Mozilla%2F5.0+%28Macintosh%3B+Intel+Mac+OS+X+10.15%3B+rv%3A99.0%29+Gecko%2F20100101+Firefox%2F99.0 HTTP/1.1" 200 None
14:55:14 - connectionpool - DEBUG - _new_conn: 1001 - Starting new HTTPS connection (1): br.fas.gov.ru:443
14:55:15 - connectionpool - DEBUG - _make_request: 456 - https://br.fas.gov.ru:443 "GET /cases/271b7ff6-23ae-46d9-bffc-18d4c1caecef/?User-Agent=Mozilla%2F5.0+%28Macintosh%3B+Intel+Mac+OS+X+10.15%3B+rv%3A99.0%29+Gecko%2F20100101+Firefox%2F99.0 HTTP/1.1" 200 None
14:55:22 - connectionpool - DEBUG - _new_conn: 1001 - Starting new HTTPS connection (1): br.fas.gov.ru:443
14:55:23 - connectionpool - DEBUG - _make_request: 456 - https://br.fas.gov.ru:443 "GET /cases/271b7ff6-23ae-46d9-bffc-18d4c1caecef/?User-Agent=Mozilla%2F5.0+%28Macintosh%3B+Intel+Mac+OS+X+10.15%3B+rv%3A99.0%29+Gecko%2F20100101+Firefox%2F99.0 HTTP/1.1" 200 None
14:57:09 - connectionpool - DEBUG - _new_conn: 1001 - Starting new HTTPS connection (1): br.fas.gov.ru:443
14:57:09 - connectionpool - DEBUG - _make_request: 456 - https://br.fas.gov.ru:443 "GET /cases/271b7ff6-23ae-46d9-bffc-18d4c1caecef/?User-Agent=Mozilla%2F5.0+%28Macintosh%3B+Intel+Mac+OS+X+10.15%3B+rv%3A99.0%29+Gecko%2F20100101+Firefox%2F99.0 HTTP/1.1" 200 None
14:57:15 - connectionpool - DEBUG - _new_conn: 1001 - Starting new HTTPS connection (1): br.fas.gov.ru:443
14:57:16 - connectionpool - DEBUG - _make_request: 456 - https://br.fas.gov.ru:443 "GET /cases/271b7ff6-23ae-46d9-bffc-18d4c1caecef/?User-Agent=Mozilla%2F5.0+%28Macintosh%3B+Intel+Mac+OS+X+10.15%3B+rv%3A99.0%29+Gecko%2F20100101+Firefox%2F99.0 HTTP/1.1" 200 None
14:57:19 - connectionpool - DEBUG - _new_conn: 1001 - Starting new HTTPS connection (1): br.fas.gov.ru:443
14:57:20 - connectionpool - DEBUG - _make_request: 456 - https://br.fas.gov.ru:443 "GET /cases/271b7ff6-23ae-46d9-bffc-18d4c1caecef/?User-Agent=Mozilla%2F5.0+%28Macintosh%3B+Intel+Mac+OS+X+10.15%3B+rv%3A99.0%29+Gecko%2F20100101+Firefox%2F99.0 HTTP/1.1" 200 None
14:57:30 - connectionpool - DEBUG - _new_conn: 1001 - Starting new HTTPS connection (1): br.fas.gov.ru:443
14:57:30 - connectionpool - DEBUG - _make_request: 456 - https://br.fas.gov.ru:443 "GET /cases/271b7ff6-23ae-46d9-bffc-18d4c1caecef/?User-Agent=Mozilla%2F5.0+%28Macintosh%3B+Intel+Mac+OS+X+10.15%3B+rv%3A99.0%29+Gecko%2F20100101+Firefox%2F99.0 HTTP/1.1" 200 None
14:57:45 - connectionpool - DEBUG - _new_conn: 1001 - Starting new HTTPS connection (1): br.fas.gov.ru:443
14:57:45 - connectionpool - DEBUG - _make_request: 456 - https://br.fas.gov.ru:443 "GET /cases/271b7ff6-23ae-46d9-bffc-18d4c1caecef/?User-Agent=Mozilla%2F5.0+%28Macintosh%3B+Intel+Mac+OS+X+10.15%3B+rv%3A99.0%29+Gecko%2F20100101+Firefox%2F99.0 HTTP/1.1" 200 None
14:58:14 - connectionpool - DEBUG - _new_conn: 1001 - Starting new HTTPS connection (1): br.fas.gov.ru:443
14:58:15 - connectionpool - DEBUG - _make_request: 456 - https://br.fas.gov.ru:443 "GET /cases/271b7ff6-23ae-46d9-bffc-18d4c1caecef/?User-Agent=Mozilla%2F5.0+%28Macintosh%3B+Intel+Mac+OS+X+10.15%3B+rv%3A99.0%29+Gecko%2F20100101+Firefox%2F99.0 HTTP/1.1" 200 None
14:58:27 - connectionpool - DEBUG - _new_conn: 1001 - Starting new HTTPS connection (1): br.fas.gov.ru:443
14:58:27 - connectionpool - DEBUG - _make_request: 456 - https://br.fas.gov.ru:443 "GET /cases/271b7ff6-23ae-46d9-bffc-18d4c1caecef/?User-Agent=Mozilla%2F5.0+%28Macintosh%3B+Intel+Mac+OS+X+10.15%3B+rv%3A99.0%29+Gecko%2F20100101+Firefox%2F99.0 HTTP/1.1" 200 None
15:11:26 - connectionpool - DEBUG - _new_conn: 1001 - Starting new HTTPS connection (1): br.fas.gov.ru:443
15:11:27 - connectionpool - DEBUG - _make_request: 456 - https://br.fas.gov.ru:443 "GET /cases/271b7ff6-23ae-46d9-bffc-18d4c1caecef/?User-Agent=Mozilla%2F5.0+%28Macintosh%3B+Intel+Mac+OS+X+10.15%3B+rv%3A99.0%29+Gecko%2F20100101+Firefox%2F99.0 HTTP/1.1" 200 None
15:11:58 - connectionpool - DEBUG - _new_conn: 1001 - Starting new HTTPS connection (1): br.fas.gov.ru:443
15:11:59 - connectionpool - DEBUG - _make_request: 456 - https://br.fas.gov.ru:443 "GET /cases/271b7ff6-23ae-46d9-bffc-18d4c1caecef/?User-Agent=Mozilla%2F5.0+%28Macintosh%3B+Intel+Mac+OS+X+10.15%3B+rv%3A99.0%29+Gecko%2F20100101+Firefox%2F99.0 HTTP/1.1" 200 None
15:12:27 - connectionpool - DEBUG - _new_conn: 1001 - Starting new HTTPS connection (1): br.fas.gov.ru:443
15:12:28 - connectionpool - DEBUG - _make_request: 456 - https://br.fas.gov.ru:443 "GET /cases/271b7ff6-23ae-46d9-bffc-18d4c1caecef/?User-Agent=Mozilla%2F5.0+%28Macintosh%3B+Intel+Mac+OS+X+10.15%3B+rv%3A99.0%29+Gecko%2F20100101+Firefox%2F99.0 HTTP/1.1" 200 None
15:12:49 - connectionpool - DEBUG - _new_conn: 1001 - Starting new HTTPS connection (1): br.fas.gov.ru:443
15:12:49 - connectionpool - DEBUG - _make_request: 456 - https://br.fas.gov.ru:443 "GET /cases/271b7ff6-23ae-46d9-bffc-18d4c1caecef/?User-Agent=Mozilla%2F5.0+%28Macintosh%3B+Intel+Mac+OS+X+10.15%3B+rv%3A99.0%29+Gecko%2F20100101+Firefox%2F99.0 HTTP/1.1" 200 None
15:13:42 - connectionpool - DEBUG - _new_conn: 1001 - Starting new HTTPS connection (1): br.fas.gov.ru:443
15:13:44 - connectionpool - DEBUG - _make_request: 456 - https://br.fas.gov.ru:443 "GET /cases/271b7ff6-23ae-46d9-bffc-18d4c1caecef/?User-Agent=Mozilla%2F5.0+%28Macintosh%3B+Intel+Mac+OS+X+10.15%3B+rv%3A99.0%29+Gecko%2F20100101+Firefox%2F99.0 HTTP/1.1" 200 None
15:14:26 - connectionpool - DEBUG - _new_conn: 1001 - Starting new HTTPS connection (1): br.fas.gov.ru:443
15:14:26 - connectionpool - DEBUG - _make_request: 456 - https://br.fas.gov.ru:443 "GET /cases/271b7ff6-23ae-46d9-bffc-18d4c1caecef/?User-Agent=Mozilla%2F5.0+%28Macintosh%3B+Intel+Mac+OS+X+10.15%3B+rv%3A99.0%29+Gecko%2F20100101+Firefox%2F99.0 HTTP/1.1" 200 None
15:15:29 - connectionpool - DEBUG - _new_conn: 1001 - Starting new HTTPS connection (1): br.fas.gov.ru:443
15:15:30 - connectionpool - DEBUG - _make_request: 456 - https://br.fas.gov.ru:443 "GET /cases/271b7ff6-23ae-46d9-bffc-18d4c1caecef/?User-Agent=Mozilla%2F5.0+%28Macintosh%3B+Intel+Mac+OS+X+10.15%3B+rv%3A99.0%29+Gecko%2F20100101+Firefox%2F99.0 HTTP/1.1" 200 None
15:20:05 - connectionpool - DEBUG - _new_conn: 1001 - Starting new HTTPS connection (1): br.fas.gov.ru:443
15:20:06 - connectionpool - DEBUG - _make_request: 456 - https://br.fas.gov.ru:443 "GET /cases/271b7ff6-23ae-46d9-bffc-18d4c1caecef/?User-Agent=Mozilla%2F5.0+%28Macintosh%3B+Intel+Mac+OS+X+10.15%3B+rv%3A99.0%29+Gecko%2F20100101+Firefox%2F99.0 HTTP/1.1" 200 None
15:20:17 - connectionpool - DEBUG - _new_conn: 1001 - Starting new HTTPS connection (1): br.fas.gov.ru:443
15:20:18 - connectionpool - DEBUG - _make_request: 456 - https://br.fas.gov.ru:443 "GET /cases/271b7ff6-23ae-46d9-bffc-18d4c1caecef/?User-Agent=Mozilla%2F5.0+%28Macintosh%3B+Intel+Mac+OS+X+10.15%3B+rv%3A99.0%29+Gecko%2F20100101+Firefox%2F99.0 HTTP/1.1" 200 None
15:26:51 - connectionpool - DEBUG - _new_conn: 1001 - Starting new HTTPS connection (1): br.fas.gov.ru:443
15:26:51 - connectionpool - DEBUG - _make_request: 456 - https://br.fas.gov.ru:443 "GET /cases/271b7ff6-23ae-46d9-bffc-18d4c1caecef/?User-Agent=Mozilla%2F5.0+%28Macintosh%3B+Intel+Mac+OS+X+10.15%3B+rv%3A99.0%29+Gecko%2F20100101+Firefox%2F99.0 HTTP/1.1" 200 None
15:27:15 - connectionpool - DEBUG - _new_conn: 1001 - Starting new HTTPS connection (1): br.fas.gov.ru:443
15:27:15 - connectionpool - DEBUG - _make_request: 456 - https://br.fas.gov.ru:443 "GET /cases/271b7ff6-23ae-46d9-bffc-18d4c1caecef/?User-Agent=Mozilla%2F5.0+%28Macintosh%3B+Intel+Mac+OS+X+10.15%3B+rv%3A99.0%29+Gecko%2F20100101+Firefox%2F99.0 HTTP/1.1" 200 None
15:28:02 - connectionpool - DEBUG - _new_conn: 1001 - Starting new HTTPS connection (1): br.fas.gov.ru:443
15:28:03 - connectionpool - DEBUG - _make_request: 456 - https://br.fas.gov.ru:443 "GET /cases/271b7ff6-23ae-46d9-bffc-18d4c1caecef/?User-Agent=Mozilla%2F5.0+%28Macintosh%3B+Intel+Mac+OS+X+10.15%3B+rv%3A99.0%29+Gecko%2F20100101+Firefox%2F99.0 HTTP/1.1" 200 None
15:34:52 - connectionpool - DEBUG - _new_conn: 1001 - Starting new HTTPS connection (1): br.fas.gov.ru:443
15:34:53 - connectionpool - DEBUG - _make_request: 456 - https://br.fas.gov.ru:443 "GET /cases/271b7ff6-23ae-46d9-bffc-18d4c1caecef/?User-Agent=Mozilla%2F5.0+%28Macintosh%3B+Intel+Mac+OS+X+10.15%3B+rv%3A99.0%29+Gecko%2F20100101+Firefox%2F99.0 HTTP/1.1" 200 None
15:37:42 - connectionpool - DEBUG - _new_conn: 1001 - Starting new HTTPS connection (1): br.fas.gov.ru:443
15:37:43 - connectionpool - DEBUG - _make_request: 456 - https://br.fas.gov.ru:443 "GET /cases/271b7ff6-23ae-46d9-bffc-18d4c1caecef/?User-Agent=Mozilla%2F5.0+%28Macintosh%3B+Intel+Mac+OS+X+10.15%3B+rv%3A99.0%29+Gecko%2F20100101+Firefox%2F99.0 HTTP/1.1" 200 None
15:37:57 - connectionpool - DEBUG - _new_conn: 1001 - Starting new HTTPS connection (1): br.fas.gov.ru:443
15:37:58 - connectionpool - DEBUG - _make_request: 456 - https://br.fas.gov.ru:443 "GET /cases/271b7ff6-23ae-46d9-bffc-18d4c1caecef/?User-Agent=Mozilla%2F5.0+%28Macintosh%3B+Intel+Mac+OS+X+10.15%3B+rv%3A99.0%29+Gecko%2F20100101+Firefox%2F99.0 HTTP/1.1" 200 None
15:39:47 - connectionpool - DEBUG - _new_conn: 1001 - Starting new HTTPS connection (1): br.fas.gov.ru:443
15:39:48 - connectionpool - DEBUG - _make_request: 456 - https://br.fas.gov.ru:443 "GET /cases/271b7ff6-23ae-46d9-bffc-18d4c1caecef/?User-Agent=Mozilla%2F5.0+%28Macintosh%3B+Intel+Mac+OS+X+10.15%3B+rv%3A99.0%29+Gecko%2F20100101+Firefox%2F99.0 HTTP/1.1" 200 None
15:40:15 - connectionpool - DEBUG - _new_conn: 1001 - Starting new HTTPS connection (1): br.fas.gov.ru:443
15:40:16 - connectionpool - DEBUG - _make_request: 456 - https://br.fas.gov.ru:443 "GET /cases/271b7ff6-23ae-46d9-bffc-18d4c1caecef/?User-Agent=Mozilla%2F5.0+%28Macintosh%3B+Intel+Mac+OS+X+10.15%3B+rv%3A99.0%29+Gecko%2F20100101+Firefox%2F99.0 HTTP/1.1" 200 None
15:40:49 - connectionpool - DEBUG - _new_conn: 1001 - Starting new HTTPS connection (1): br.fas.gov.ru:443
15:40:50 - connectionpool - DEBUG - _make_request: 456 - https://br.fas.gov.ru:443 "GET /cases/271b7ff6-23ae-46d9-bffc-18d4c1caecef/?User-Agent=Mozilla%2F5.0+%28Macintosh%3B+Intel+Mac+OS+X+10.15%3B+rv%3A99.0%29+Gecko%2F20100101+Firefox%2F99.0 HTTP/1.1" 200 None
15:55:15 - connectionpool - DEBUG - _new_conn: 1001 - Starting new HTTPS connection (1): br.fas.gov.ru:443
15:55:16 - connectionpool - DEBUG - _make_request: 456 - https://br.fas.gov.ru:443 "GET /cases/271b7ff6-23ae-46d9-bffc-18d4c1caecef/?User-Agent=Mozilla%2F5.0+%28Macintosh%3B+Intel+Mac+OS+X+10.15%3B+rv%3A99.0%29+Gecko%2F20100101+Firefox%2F99.0 HTTP/1.1" 200 None
15:55:27 - connectionpool - DEBUG - _new_conn: 1001 - Starting new HTTPS connection (1): br.fas.gov.ru:443
15:55:28 - connectionpool - DEBUG - _make_request: 456 - https://br.fas.gov.ru:443 "GET /cases/271b7ff6-23ae-46d9-bffc-18d4c1caecef/?User-Agent=Mozilla%2F5.0+%28Macintosh%3B+Intel+Mac+OS+X+10.15%3B+rv%3A99.0%29+Gecko%2F20100101+Firefox%2F99.0 HTTP/1.1" 200 None
16:22:32 - connectionpool - DEBUG - _new_conn: 1001 - Starting new HTTPS connection (1): br.fas.gov.ru:443
16:22:34 - connectionpool - DEBUG - _make_request: 456 - https://br.fas.gov.ru:443 "GET /?User-Agent=Mozilla%2F5.0+%28Macintosh%3B+Intel+Mac+OS+X+10.15%3B+rv%3A99.0%29+Gecko%2F20100101+Firefox%2F99.0 HTTP/1.1" 200 None
16:23:23 - connectionpool - DEBUG - _new_conn: 1001 - Starting new HTTPS connection (1): br.fas.gov.ru:443
16:23:24 - connectionpool - DEBUG - _make_request: 456 - https://br.fas.gov.ru:443 "GET /?User-Agent=Mozilla%2F5.0+%28Macintosh%3B+Intel+Mac+OS+X+10.15%3B+rv%3A99.0%29+Gecko%2F20100101+Firefox%2F99.0 HTTP/1.1" 200 None
16:23:24 - connectionpool - DEBUG - _new_conn: 1001 - Starting new HTTPS connection (1): br.fas.gov.ru:443
16:23:25 - connectionpool - DEBUG - _make_request: 456 - https://br.fas.gov.ru:443 "GET /cases/26a8c8b2-7330-4be3-9d62-05efdc92a98c/?User-Agent=Mozilla%2F5.0+%28Macintosh%3B+Intel+Mac+OS+X+10.15%3B+rv%3A99.0%29+Gecko%2F20100101+Firefox%2F99.0 HTTP/1.1" 200 None
16:23:56 - connectionpool - DEBUG - _new_conn: 1001 - Starting new HTTPS connection (1): br.fas.gov.ru:443
16:23:57 - connectionpool - DEBUG - _make_request: 456 - https://br.fas.gov.ru:443 "GET /?User-Agent=Mozilla%2F5.0+%28Macintosh%3B+Intel+Mac+OS+X+10.15%3B+rv%3A99.0%29+Gecko%2F20100101+Firefox%2F99.0 HTTP/1.1" 200 None
16:23:57 - connectionpool - DEBUG - _new_conn: 1001 - Starting new HTTPS connection (1): br.fas.gov.ru:443
16:23:58 - connectionpool - DEBUG - _make_request: 456 - https://br.fas.gov.ru:443 "GET /cases/26a8c8b2-7330-4be3-9d62-05efdc92a98c/?User-Agent=Mozilla%2F5.0+%28Macintosh%3B+Intel+Mac+OS+X+10.15%3B+rv%3A99.0%29+Gecko%2F20100101+Firefox%2F99.0 HTTP/1.1" 200 None
16:25:30 - connectionpool - DEBUG - _new_conn: 1001 - Starting new HTTPS connection (1): br.fas.gov.ru:443
16:25:31 - connectionpool - DEBUG - _make_request: 456 - https://br.fas.gov.ru:443 "GET /?User-Agent=Mozilla%2F5.0+%28Macintosh%3B+Intel+Mac+OS+X+10.15%3B+rv%3A99.0%29+Gecko%2F20100101+Firefox%2F99.0 HTTP/1.1" 200 None
16:25:31 - connectionpool - DEBUG - _new_conn: 1001 - Starting new HTTPS connection (1): br.fas.gov.ru:443
16:25:32 - connectionpool - DEBUG - _make_request: 456 - https://br.fas.gov.ru:443 "GET /cases/26a8c8b2-7330-4be3-9d62-05efdc92a98c/?User-Agent=Mozilla%2F5.0+%28Macintosh%3B+Intel+Mac+OS+X+10.15%3B+rv%3A99.0%29+Gecko%2F20100101+Firefox%2F99.0 HTTP/1.1" 200 None
16:25:54 - connectionpool - DEBUG - _new_conn: 1001 - Starting new HTTPS connection (1): br.fas.gov.ru:443
16:25:56 - connectionpool - DEBUG - _make_request: 456 - https://br.fas.gov.ru:443 "GET /?User-Agent=Mozilla%2F5.0+%28Macintosh%3B+Intel+Mac+OS+X+10.15%3B+rv%3A99.0%29+Gecko%2F20100101+Firefox%2F99.0 HTTP/1.1" 200 None
16:25:56 - connectionpool - DEBUG - _new_conn: 1001 - Starting new HTTPS connection (1): br.fas.gov.ru:443
16:25:56 - connectionpool - DEBUG - _make_request: 456 - https://br.fas.gov.ru:443 "GET /cases/26a8c8b2-7330-4be3-9d62-05efdc92a98c/?User-Agent=Mozilla%2F5.0+%28Macintosh%3B+Intel+Mac+OS+X+10.15%3B+rv%3A99.0%29+Gecko%2F20100101+Firefox%2F99.0 HTTP/1.1" 200 None
16:25:57 - connectionpool - DEBUG - _new_conn: 1001 - Starting new HTTPS connection (1): br.fas.gov.ru:443
16:25:57 - connectionpool - DEBUG - _make_request: 456 - https://br.fas.gov.ru:443 "GET /cases/4eee4068-ab58-4def-886b-9503c60df851/?User-Agent=Mozilla%2F5.0+%28Macintosh%3B+Intel+Mac+OS+X+10.15%3B+rv%3A99.0%29+Gecko%2F20100101+Firefox%2F99.0 HTTP/1.1" 200 None
16:26:16 - connectionpool - DEBUG - _new_conn: 1001 - Starting new HTTPS connection (1): br.fas.gov.ru:443
16:26:17 - connectionpool - DEBUG - _make_request: 456 - https://br.fas.gov.ru:443 "GET /?User-Agent=Mozilla%2F5.0+%28Macintosh%3B+Intel+Mac+OS+X+10.15%3B+rv%3A99.0%29+Gecko%2F20100101+Firefox%2F99.0 HTTP/1.1" 200 None
16:26:17 - connectionpool - DEBUG - _new_conn: 1001 - Starting new HTTPS connection (1): br.fas.gov.ru:443
16:26:18 - connectionpool - DEBUG - _make_request: 456 - https://br.fas.gov.ru:443 "GET /cases/4eee4068-ab58-4def-886b-9503c60df851/?User-Agent=Mozilla%2F5.0+%28Macintosh%3B+Intel+Mac+OS+X+10.15%3B+rv%3A99.0%29+Gecko%2F20100101+Firefox%2F99.0 HTTP/1.1" 200 None
16:28:48 - connectionpool - DEBUG - _new_conn: 1001 - Starting new HTTPS connection (1): br.fas.gov.ru:443
16:28:49 - connectionpool - DEBUG - _make_request: 456 - https://br.fas.gov.ru:443 "GET /?User-Agent=Mozilla%2F5.0+%28Macintosh%3B+Intel+Mac+OS+X+10.15%3B+rv%3A99.0%29+Gecko%2F20100101+Firefox%2F99.0 HTTP/1.1" 200 None
16:28:49 - connectionpool - DEBUG - _new_conn: 1001 - Starting new HTTPS connection (1): br.fas.gov.ru:443
16:28:50 - connectionpool - DEBUG - _make_request: 456 - https://br.fas.gov.ru:443 "GET /cases/e0d5c526-9735-483e-986a-5a7be844637f/?User-Agent=Mozilla%2F5.0+%28Macintosh%3B+Intel+Mac+OS+X+10.15%3B+rv%3A99.0%29+Gecko%2F20100101+Firefox%2F99.0 HTTP/1.1" 200 None
16:34:45 - connectionpool - DEBUG - _new_conn: 1001 - Starting new HTTPS connection (1): br.fas.gov.ru:443
16:34:46 - connectionpool - DEBUG - _make_request: 456 - https://br.fas.gov.ru:443 "GET /cases/e0d5c526-9735-483e-986a-5a7be844637f/?User-Agent=Mozilla%2F5.0+%28Macintosh%3B+Intel+Mac+OS+X+10.15%3B+rv%3A99.0%29+Gecko%2F20100101+Firefox%2F99.0 HTTP/1.1" 200 None
16:36:33 - connectionpool - DEBUG - _new_conn: 1001 - Starting new HTTPS connection (1): br.fas.gov.ru:443
16:36:34 - connectionpool - DEBUG - _make_request: 456 - https://br.fas.gov.ru:443 "GET /cases/e0d5c526-9735-483e-986a-5a7be844637f/?User-Agent=Mozilla%2F5.0+%28Macintosh%3B+Intel+Mac+OS+X+10.15%3B+rv%3A99.0%29+Gecko%2F20100101+Firefox%2F99.0 HTTP/1.1" 200 None
16:47:32 - connectionpool - DEBUG - _new_conn: 1001 - Starting new HTTPS connection (1): br.fas.gov.ru:443
16:47:33 - connectionpool - DEBUG - _make_request: 456 - https://br.fas.gov.ru:443 "GET /cases/e0d5c526-9735-483e-986a-5a7be844637f/?User-Agent=Mozilla%2F5.0+%28Macintosh%3B+Intel+Mac+OS+X+10.15%3B+rv%3A99.0%29+Gecko%2F20100101+Firefox%2F99.0 HTTP/1.1" 200 None
16:49:49 - connectionpool - DEBUG - _new_conn: 1001 - Starting new HTTPS connection (1): br.fas.gov.ru:443
16:49:50 - connectionpool - DEBUG - _make_request: 456 - https://br.fas.gov.ru:443 "GET /cases/e0d5c526-9735-483e-986a-5a7be844637f/?User-Agent=Mozilla%2F5.0+%28Macintosh%3B+Intel+Mac+OS+X+10.15%3B+rv%3A99.0%29+Gecko%2F20100101+Firefox%2F99.0 HTTP/1.1" 200 None
16:50:19 - connectionpool - DEBUG - _new_conn: 1001 - Starting new HTTPS connection (1): br.fas.gov.ru:443
16:50:20 - connectionpool - DEBUG - _make_request: 456 - https://br.fas.gov.ru:443 "GET /cases/e0d5c526-9735-483e-986a-5a7be844637f/?User-Agent=Mozilla%2F5.0+%28Macintosh%3B+Intel+Mac+OS+X+10.15%3B+rv%3A99.0%29+Gecko%2F20100101+Firefox%2F99.0 HTTP/1.1" 200 None
16:50:46 - connectionpool - DEBUG - _new_conn: 1001 - Starting new HTTPS connection (1): br.fas.gov.ru:443
16:50:47 - connectionpool - DEBUG - _make_request: 456 - https://br.fas.gov.ru:443 "GET /cases/e0d5c526-9735-483e-986a-5a7be844637f/?User-Agent=Mozilla%2F5.0+%28Macintosh%3B+Intel+Mac+OS+X+10.15%3B+rv%3A99.0%29+Gecko%2F20100101+Firefox%2F99.0 HTTP/1.1" 200 None
16:52:24 - connectionpool - DEBUG - _new_conn: 1001 - Starting new HTTPS connection (1): br.fas.gov.ru:443
16:52:25 - connectionpool - DEBUG - _make_request: 456 - https://br.fas.gov.ru:443 "GET /cases/e0d5c526-9735-483e-986a-5a7be844637f/?User-Agent=Mozilla%2F5.0+%28Macintosh%3B+Intel+Mac+OS+X+10.15%3B+rv%3A99.0%29+Gecko%2F20100101+Firefox%2F99.0 HTTP/1.1" 200 None
16:52:59 - connectionpool - DEBUG - _new_conn: 1001 - Starting new HTTPS connection (1): br.fas.gov.ru:443
16:53:00 - connectionpool - DEBUG - _make_request: 456 - https://br.fas.gov.ru:443 "GET /cases/e0d5c526-9735-483e-986a-5a7be844637f/?User-Agent=Mozilla%2F5.0+%28Macintosh%3B+Intel+Mac+OS+X+10.15%3B+rv%3A99.0%29+Gecko%2F20100101+Firefox%2F99.0 HTTP/1.1" 200 None
16:53:37 - connectionpool - DEBUG - _new_conn: 1001 - Starting new HTTPS connection (1): br.fas.gov.ru:443
16:53:37 - connectionpool - DEBUG - _make_request: 456 - https://br.fas.gov.ru:443 "GET /cases/e0d5c526-9735-483e-986a-5a7be844637f/?User-Agent=Mozilla%2F5.0+%28Macintosh%3B+Intel+Mac+OS+X+10.15%3B+rv%3A99.0%29+Gecko%2F20100101+Firefox%2F99.0 HTTP/1.1" 200 None
16:54:03 - connectionpool - DEBUG - _new_conn: 1001 - Starting new HTTPS connection (1): br.fas.gov.ru:443
16:54:04 - connectionpool - DEBUG - _make_request: 456 - https://br.fas.gov.ru:443 "GET /cases/e0d5c526-9735-483e-986a-5a7be844637f/?User-Agent=Mozilla%2F5.0+%28Macintosh%3B+Intel+Mac+OS+X+10.15%3B+rv%3A99.0%29+Gecko%2F20100101+Firefox%2F99.0 HTTP/1.1" 200 None
16:55:39 - connectionpool - DEBUG - _new_conn: 1001 - Starting new HTTPS connection (1): br.fas.gov.ru:443
16:55:40 - connectionpool - DEBUG - _make_request: 456 - https://br.fas.gov.ru:443 "GET /cases/e0d5c526-9735-483e-986a-5a7be844637f/?User-Agent=Mozilla%2F5.0+%28Macintosh%3B+Intel+Mac+OS+X+10.15%3B+rv%3A99.0%29+Gecko%2F20100101+Firefox%2F99.0 HTTP/1.1" 200 None
16:55:45 - connectionpool - DEBUG - _new_conn: 1001 - Starting new HTTPS connection (1): br.fas.gov.ru:443
16:55:46 - connectionpool - DEBUG - _make_request: 456 - https://br.fas.gov.ru:443 "GET /cases/e0d5c526-9735-483e-986a-5a7be844637f/?User-Agent=Mozilla%2F5.0+%28Macintosh%3B+Intel+Mac+OS+X+10.15%3B+rv%3A99.0%29+Gecko%2F20100101+Firefox%2F99.0 HTTP/1.1" 200 None
17:04:42 - connectionpool - DEBUG - _new_conn: 1001 - Starting new HTTPS connection (1): br.fas.gov.ru:443
17:04:43 - connectionpool - DEBUG - _make_request: 456 - https://br.fas.gov.ru:443 "GET /cases/e0d5c526-9735-483e-986a-5a7be844637f/?User-Agent=Mozilla%2F5.0+%28Macintosh%3B+Intel+Mac+OS+X+10.15%3B+rv%3A99.0%29+Gecko%2F20100101+Firefox%2F99.0 HTTP/1.1" 200 None
17:07:08 - connectionpool - DEBUG - _new_conn: 1001 - Starting new HTTPS connection (1): br.fas.gov.ru:443
17:07:09 - connectionpool - DEBUG - _make_request: 456 - https://br.fas.gov.ru:443 "GET /cases/e0d5c526-9735-483e-986a-5a7be844637f/?User-Agent=Mozilla%2F5.0+%28Macintosh%3B+Intel+Mac+OS+X+10.15%3B+rv%3A99.0%29+Gecko%2F20100101+Firefox%2F99.0 HTTP/1.1" 200 None
17:07:14 - connectionpool - DEBUG - _new_conn: 1001 - Starting new HTTPS connection (1): br.fas.gov.ru:443
17:07:15 - connectionpool - DEBUG - _make_request: 456 - https://br.fas.gov.ru:443 "GET /cases/e0d5c526-9735-483e-986a-5a7be844637f/?User-Agent=Mozilla%2F5.0+%28Macintosh%3B+Intel+Mac+OS+X+10.15%3B+rv%3A99.0%29+Gecko%2F20100101+Firefox%2F99.0 HTTP/1.1" 200 None
17:08:09 - connectionpool - DEBUG - _new_conn: 1001 - Starting new HTTPS connection (1): br.fas.gov.ru:443
17:08:09 - connectionpool - DEBUG - _make_request: 456 - https://br.fas.gov.ru:443 "GET /cases/e0d5c526-9735-483e-986a-5a7be844637f/?User-Agent=Mozilla%2F5.0+%28Macintosh%3B+Intel+Mac+OS+X+10.15%3B+rv%3A99.0%29+Gecko%2F20100101+Firefox%2F99.0 HTTP/1.1" 200 None
17:10:34 - connectionpool - DEBUG - _new_conn: 1001 - Starting new HTTPS connection (1): br.fas.gov.ru:443
17:10:35 - connectionpool - DEBUG - _make_request: 456 - https://br.fas.gov.ru:443 "GET /cases/e0d5c526-9735-483e-986a-5a7be844637f/?User-Agent=Mozilla%2F5.0+%28Macintosh%3B+Intel+Mac+OS+X+10.15%3B+rv%3A99.0%29+Gecko%2F20100101+Firefox%2F99.0 HTTP/1.1" 200 None
17:11:01 - connectionpool - DEBUG - _new_conn: 1001 - Starting new HTTPS connection (1): br.fas.gov.ru:443
17:11:02 - connectionpool - DEBUG - _make_request: 456 - https://br.fas.gov.ru:443 "GET /cases/e0d5c526-9735-483e-986a-5a7be844637f/?User-Agent=Mozilla%2F5.0+%28Macintosh%3B+Intel+Mac+OS+X+10.15%3B+rv%3A99.0%29+Gecko%2F20100101+Firefox%2F99.0 HTTP/1.1" 200 None
17:11:35 - connectionpool - DEBUG - _new_conn: 1001 - Starting new HTTPS connection (1): br.fas.gov.ru:443
17:11:35 - connectionpool - DEBUG - _make_request: 456 - https://br.fas.gov.ru:443 "GET /cases/e0d5c526-9735-483e-986a-5a7be844637f/?User-Agent=Mozilla%2F5.0+%28Macintosh%3B+Intel+Mac+OS+X+10.15%3B+rv%3A99.0%29+Gecko%2F20100101+Firefox%2F99.0 HTTP/1.1" 200 None
17:13:58 - connectionpool - DEBUG - _new_conn: 1001 - Starting new HTTPS connection (1): br.fas.gov.ru:443
17:13:58 - connectionpool - DEBUG - _make_request: 456 - https://br.fas.gov.ru:443 "GET /cases/e0d5c526-9735-483e-986a-5a7be844637f/?User-Agent=Mozilla%2F5.0+%28Macintosh%3B+Intel+Mac+OS+X+10.15%3B+rv%3A99.0%29+Gecko%2F20100101+Firefox%2F99.0 HTTP/1.1" 200 None
17:14:21 - connectionpool - DEBUG - _new_conn: 1001 - Starting new HTTPS connection (1): br.fas.gov.ru:443
17:14:21 - connectionpool - DEBUG - _make_request: 456 - https://br.fas.gov.ru:443 "GET /cases/e0d5c526-9735-483e-986a-5a7be844637f/?User-Agent=Mozilla%2F5.0+%28Macintosh%3B+Intel+Mac+OS+X+10.15%3B+rv%3A99.0%29+Gecko%2F20100101+Firefox%2F99.0 HTTP/1.1" 200 None
17:14:45 - connectionpool - DEBUG - _new_conn: 1001 - Starting new HTTPS connection (1): br.fas.gov.ru:443
17:14:46 - connectionpool - DEBUG - _make_request: 456 - https://br.fas.gov.ru:443 "GET /cases/e0d5c526-9735-483e-986a-5a7be844637f/?User-Agent=Mozilla%2F5.0+%28Macintosh%3B+Intel+Mac+OS+X+10.15%3B+rv%3A99.0%29+Gecko%2F20100101+Firefox%2F99.0 HTTP/1.1" 200 None
17:14:51 - connectionpool - DEBUG - _new_conn: 1001 - Starting new HTTPS connection (1): br.fas.gov.ru:443
17:14:52 - connectionpool - DEBUG - _make_request: 456 - https://br.fas.gov.ru:443 "GET /cases/e0d5c526-9735-483e-986a-5a7be844637f/?User-Agent=Mozilla%2F5.0+%28Macintosh%3B+Intel+Mac+OS+X+10.15%3B+rv%3A99.0%29+Gecko%2F20100101+Firefox%2F99.0 HTTP/1.1" 200 None
13:28:11 - connectionpool - DEBUG - _new_conn: 1001 - Starting new HTTPS connection (1): br.fas.gov.ru:443
13:28:12 - connectionpool - DEBUG - _make_request: 456 - https://br.fas.gov.ru:443 "GET /cases/e0d5c526-9735-483e-986a-5a7be844637f/?User-Agent=Mozilla%2F5.0+%28Macintosh%3B+Intel+Mac+OS+X+10.15%3B+rv%3A99.0%29+Gecko%2F20100101+Firefox%2F99.0 HTTP/1.1" 200 None
13:29:00 - connectionpool - DEBUG - _new_conn: 1001 - Starting new HTTPS connection (1): br.fas.gov.ru:443
13:29:00 - connectionpool - DEBUG - _make_request: 456 - https://br.fas.gov.ru:443 "GET /cases/e0d5c526-9735-483e-986a-5a7be844637f/?User-Agent=Mozilla%2F5.0+%28Macintosh%3B+Intel+Mac+OS+X+10.15%3B+rv%3A99.0%29+Gecko%2F20100101+Firefox%2F99.0 HTTP/1.1" 200 None
13:30:26 - connectionpool - DEBUG - _new_conn: 1001 - Starting new HTTPS connection (1): br.fas.gov.ru:443
13:30:27 - connectionpool - DEBUG - _make_request: 456 - https://br.fas.gov.ru:443 "GET /cases/e0d5c526-9735-483e-986a-5a7be844637f/?User-Agent=Mozilla%2F5.0+%28Macintosh%3B+Intel+Mac+OS+X+10.15%3B+rv%3A99.0%29+Gecko%2F20100101+Firefox%2F99.0 HTTP/1.1" 200 None
13:31:00 - connectionpool - DEBUG - _new_conn: 1001 - Starting new HTTPS connection (1): br.fas.gov.ru:443
13:31:01 - connectionpool - DEBUG - _make_request: 456 - https://br.fas.gov.ru:443 "GET /cases/e0d5c526-9735-483e-986a-5a7be844637f/?User-Agent=Mozilla%2F5.0+%28Macintosh%3B+Intel+Mac+OS+X+10.15%3B+rv%3A99.0%29+Gecko%2F20100101+Firefox%2F99.0 HTTP/1.1" 200 None
13:31:41 - connectionpool - DEBUG - _new_conn: 1001 - Starting new HTTPS connection (1): br.fas.gov.ru:443
13:31:42 - connectionpool - DEBUG - _make_request: 456 - https://br.fas.gov.ru:443 "GET /cases/e0d5c526-9735-483e-986a-5a7be844637f/?User-Agent=Mozilla%2F5.0+%28Macintosh%3B+Intel+Mac+OS+X+10.15%3B+rv%3A99.0%29+Gecko%2F20100101+Firefox%2F99.0 HTTP/1.1" 200 None
13:32:33 - connectionpool - DEBUG - _new_conn: 1001 - Starting new HTTPS connection (1): br.fas.gov.ru:443
13:32:34 - connectionpool - DEBUG - _make_request: 456 - https://br.fas.gov.ru:443 "GET /cases/e0d5c526-9735-483e-986a-5a7be844637f/?User-Agent=Mozilla%2F5.0+%28Macintosh%3B+Intel+Mac+OS+X+10.15%3B+rv%3A99.0%29+Gecko%2F20100101+Firefox%2F99.0 HTTP/1.1" 200 None
13:32:49 - connectionpool - DEBUG - _new_conn: 1001 - Starting new HTTPS connection (1): br.fas.gov.ru:443
13:32:50 - connectionpool - DEBUG - _make_request: 456 - https://br.fas.gov.ru:443 "GET /cases/e0d5c526-9735-483e-986a-5a7be844637f/?User-Agent=Mozilla%2F5.0+%28Macintosh%3B+Intel+Mac+OS+X+10.15%3B+rv%3A99.0%29+Gecko%2F20100101+Firefox%2F99.0 HTTP/1.1" 200 None
13:36:07 - connectionpool - DEBUG - _new_conn: 1001 - Starting new HTTPS connection (1): br.fas.gov.ru:443
13:36:08 - connectionpool - DEBUG - _make_request: 456 - https://br.fas.gov.ru:443 "GET /cases/e0d5c526-9735-483e-986a-5a7be844637f/?User-Agent=Mozilla%2F5.0+%28Macintosh%3B+Intel+Mac+OS+X+10.15%3B+rv%3A99.0%29+Gecko%2F20100101+Firefox%2F99.0 HTTP/1.1" 200 None
13:36:24 - connectionpool - DEBUG - _new_conn: 1001 - Starting new HTTPS connection (1): br.fas.gov.ru:443
13:36:25 - connectionpool - DEBUG - _make_request: 456 - https://br.fas.gov.ru:443 "GET /cases/e0d5c526-9735-483e-986a-5a7be844637f/?User-Agent=Mozilla%2F5.0+%28Macintosh%3B+Intel+Mac+OS+X+10.15%3B+rv%3A99.0%29+Gecko%2F20100101+Firefox%2F99.0 HTTP/1.1" 200 None
13:37:06 - connectionpool - DEBUG - _new_conn: 1001 - Starting new HTTPS connection (1): br.fas.gov.ru:443
13:37:07 - connectionpool - DEBUG - _make_request: 456 - https://br.fas.gov.ru:443 "GET /cases/e0d5c526-9735-483e-986a-5a7be844637f/?User-Agent=Mozilla%2F5.0+%28Macintosh%3B+Intel+Mac+OS+X+10.15%3B+rv%3A99.0%29+Gecko%2F20100101+Firefox%2F99.0 HTTP/1.1" 200 None
13:37:57 - connectionpool - DEBUG - _new_conn: 1001 - Starting new HTTPS connection (1): br.fas.gov.ru:443
13:37:57 - connectionpool - DEBUG - _make_request: 456 - https://br.fas.gov.ru:443 "GET /cases/e0d5c526-9735-483e-986a-5a7be844637f/?User-Agent=Mozilla%2F5.0+%28Macintosh%3B+Intel+Mac+OS+X+10.15%3B+rv%3A99.0%29+Gecko%2F20100101+Firefox%2F99.0 HTTP/1.1" 200 None
13:39:38 - connectionpool - DEBUG - _new_conn: 1001 - Starting new HTTPS connection (1): br.fas.gov.ru:443
13:39:38 - connectionpool - DEBUG - _make_request: 456 - https://br.fas.gov.ru:443 "GET /cases/e0d5c526-9735-483e-986a-5a7be844637f/?User-Agent=Mozilla%2F5.0+%28Macintosh%3B+Intel+Mac+OS+X+10.15%3B+rv%3A99.0%29+Gecko%2F20100101+Firefox%2F99.0 HTTP/1.1" 200 None
13:45:54 - connectionpool - DEBUG - _new_conn: 1001 - Starting new HTTPS connection (1): br.fas.gov.ru:443
13:45:54 - connectionpool - DEBUG - _make_request: 456 - https://br.fas.gov.ru:443 "GET /cases/e0d5c526-9735-483e-986a-5a7be844637f/?User-Agent=Mozilla%2F5.0+%28Macintosh%3B+Intel+Mac+OS+X+10.15%3B+rv%3A99.0%29+Gecko%2F20100101+Firefox%2F99.0 HTTP/1.1" 200 None
13:46:29 - connectionpool - DEBUG - _new_conn: 1001 - Starting new HTTPS connection (1): br.fas.gov.ru:443
13:46:29 - connectionpool - DEBUG - _make_request: 456 - https://br.fas.gov.ru:443 "GET /cases/e0d5c526-9735-483e-986a-5a7be844637f/?User-Agent=Mozilla%2F5.0+%28Macintosh%3B+Intel+Mac+OS+X+10.15%3B+rv%3A99.0%29+Gecko%2F20100101+Firefox%2F99.0 HTTP/1.1" 200 None
13:49:43 - connectionpool - DEBUG - _new_conn: 1001 - Starting new HTTPS connection (1): br.fas.gov.ru:443
13:49:44 - connectionpool - DEBUG - _make_request: 456 - https://br.fas.gov.ru:443 "GET /cases/e0d5c526-9735-483e-986a-5a7be844637f/?User-Agent=Mozilla%2F5.0+%28Macintosh%3B+Intel+Mac+OS+X+10.15%3B+rv%3A99.0%29+Gecko%2F20100101+Firefox%2F99.0 HTTP/1.1" 200 None
13:49:55 - connectionpool - DEBUG - _new_conn: 1001 - Starting new HTTPS connection (1): br.fas.gov.ru:443
13:49:56 - connectionpool - DEBUG - _make_request: 456 - https://br.fas.gov.ru:443 "GET /cases/e0d5c526-9735-483e-986a-5a7be844637f/?User-Agent=Mozilla%2F5.0+%28Macintosh%3B+Intel+Mac+OS+X+10.15%3B+rv%3A99.0%29+Gecko%2F20100101+Firefox%2F99.0 HTTP/1.1" 200 None
13:51:10 - connectionpool - DEBUG - _new_conn: 1001 - Starting new HTTPS connection (1): br.fas.gov.ru:443
13:51:11 - connectionpool - DEBUG - _make_request: 456 - https://br.fas.gov.ru:443 "GET /cases/e0d5c526-9735-483e-986a-5a7be844637f/?User-Agent=Mozilla%2F5.0+%28Macintosh%3B+Intel+Mac+OS+X+10.15%3B+rv%3A99.0%29+Gecko%2F20100101+Firefox%2F99.0 HTTP/1.1" 200 None
13:51:57 - connectionpool - DEBUG - _new_conn: 1001 - Starting new HTTPS connection (1): br.fas.gov.ru:443
13:51:57 - connectionpool - DEBUG - _make_request: 456 - https://br.fas.gov.ru:443 "GET /cases/e0d5c526-9735-483e-986a-5a7be844637f/?User-Agent=Mozilla%2F5.0+%28Macintosh%3B+Intel+Mac+OS+X+10.15%3B+rv%3A99.0%29+Gecko%2F20100101+Firefox%2F99.0 HTTP/1.1" 200 None
13:52:57 - connectionpool - DEBUG - _new_conn: 1001 - Starting new HTTPS connection (1): br.fas.gov.ru:443
13:52:58 - connectionpool - DEBUG - _make_request: 456 - https://br.fas.gov.ru:443 "GET /cases/e0d5c526-9735-483e-986a-5a7be844637f/?User-Agent=Mozilla%2F5.0+%28Macintosh%3B+Intel+Mac+OS+X+10.15%3B+rv%3A99.0%29+Gecko%2F20100101+Firefox%2F99.0 HTTP/1.1" 200 None
13:53:07 - connectionpool - DEBUG - _new_conn: 1001 - Starting new HTTPS connection (1): br.fas.gov.ru:443
13:53:08 - connectionpool - DEBUG - _make_request: 456 - https://br.fas.gov.ru:443 "GET /cases/e0d5c526-9735-483e-986a-5a7be844637f/?User-Agent=Mozilla%2F5.0+%28Macintosh%3B+Intel+Mac+OS+X+10.15%3B+rv%3A99.0%29+Gecko%2F20100101+Firefox%2F99.0 HTTP/1.1" 200 None
13:53:43 - connectionpool - DEBUG - _new_conn: 1001 - Starting new HTTPS connection (1): br.fas.gov.ru:443
13:53:44 - connectionpool - DEBUG - _make_request: 456 - https://br.fas.gov.ru:443 "GET /cases/e0d5c526-9735-483e-986a-5a7be844637f/?User-Agent=Mozilla%2F5.0+%28Macintosh%3B+Intel+Mac+OS+X+10.15%3B+rv%3A99.0%29+Gecko%2F20100101+Firefox%2F99.0 HTTP/1.1" 200 None
13:55:26 - connectionpool - DEBUG - _new_conn: 1001 - Starting new HTTPS connection (1): br.fas.gov.ru:443
13:55:26 - connectionpool - DEBUG - _make_request: 456 - https://br.fas.gov.ru:443 "GET /cases/e0d5c526-9735-483e-986a-5a7be844637f/?User-Agent=Mozilla%2F5.0+%28Macintosh%3B+Intel+Mac+OS+X+10.15%3B+rv%3A99.0%29+Gecko%2F20100101+Firefox%2F99.0 HTTP/1.1" 200 None
13:56:32 - connectionpool - DEBUG - _new_conn: 1001 - Starting new HTTPS connection (1): br.fas.gov.ru:443
13:56:32 - connectionpool - DEBUG - _make_request: 456 - https://br.fas.gov.ru:443 "GET /cases/e0d5c526-9735-483e-986a-5a7be844637f/?User-Agent=Mozilla%2F5.0+%28Macintosh%3B+Intel+Mac+OS+X+10.15%3B+rv%3A99.0%29+Gecko%2F20100101+Firefox%2F99.0 HTTP/1.1" 200 None
14:01:22 - connectionpool - DEBUG - _new_conn: 1001 - Starting new HTTPS connection (1): br.fas.gov.ru:443
14:01:23 - connectionpool - DEBUG - _make_request: 456 - https://br.fas.gov.ru:443 "GET /cases/e0d5c526-9735-483e-986a-5a7be844637f/?User-Agent=Mozilla%2F5.0+%28Macintosh%3B+Intel+Mac+OS+X+10.15%3B+rv%3A99.0%29+Gecko%2F20100101+Firefox%2F99.0 HTTP/1.1" 200 None
14:02:04 - connectionpool - DEBUG - _new_conn: 1001 - Starting new HTTPS connection (1): br.fas.gov.ru:443
14:02:04 - connectionpool - DEBUG - _make_request: 456 - https://br.fas.gov.ru:443 "GET /cases/e0d5c526-9735-483e-986a-5a7be844637f/?User-Agent=Mozilla%2F5.0+%28Macintosh%3B+Intel+Mac+OS+X+10.15%3B+rv%3A99.0%29+Gecko%2F20100101+Firefox%2F99.0 HTTP/1.1" 200 None
14:02:18 - connectionpool - DEBUG - _new_conn: 1001 - Starting new HTTPS connection (1): br.fas.gov.ru:443
14:02:19 - connectionpool - DEBUG - _make_request: 456 - https://br.fas.gov.ru:443 "GET /cases/e0d5c526-9735-483e-986a-5a7be844637f/?User-Agent=Mozilla%2F5.0+%28Macintosh%3B+Intel+Mac+OS+X+10.15%3B+rv%3A99.0%29+Gecko%2F20100101+Firefox%2F99.0 HTTP/1.1" 200 None
14:03:47 - connectionpool - DEBUG - _new_conn: 1001 - Starting new HTTPS connection (1): br.fas.gov.ru:443
14:03:47 - connectionpool - DEBUG - _make_request: 456 - https://br.fas.gov.ru:443 "GET /cases/e0d5c526-9735-483e-986a-5a7be844637f/?User-Agent=Mozilla%2F5.0+%28Macintosh%3B+Intel+Mac+OS+X+10.15%3B+rv%3A99.0%29+Gecko%2F20100101+Firefox%2F99.0 HTTP/1.1" 200 None
14:07:08 - connectionpool - DEBUG - _new_conn: 1001 - Starting new HTTPS connection (1): br.fas.gov.ru:443
14:07:09 - connectionpool - DEBUG - _make_request: 456 - https://br.fas.gov.ru:443 "GET /cases/e0d5c526-9735-483e-986a-5a7be844637f/?User-Agent=Mozilla%2F5.0+%28Macintosh%3B+Intel+Mac+OS+X+10.15%3B+rv%3A99.0%29+Gecko%2F20100101+Firefox%2F99.0 HTTP/1.1" 200 None
14:08:22 - connectionpool - DEBUG - _new_conn: 1001 - Starting new HTTPS connection (1): br.fas.gov.ru:443
14:08:23 - connectionpool - DEBUG - _make_request: 456 - https://br.fas.gov.ru:443 "GET /cases/e0d5c526-9735-483e-986a-5a7be844637f/?User-Agent=Mozilla%2F5.0+%28Macintosh%3B+Intel+Mac+OS+X+10.15%3B+rv%3A99.0%29+Gecko%2F20100101+Firefox%2F99.0 HTTP/1.1" 200 None
14:10:13 - connectionpool - DEBUG - _new_conn: 1001 - Starting new HTTPS connection (1): br.fas.gov.ru:443
14:10:13 - connectionpool - DEBUG - _make_request: 456 - https://br.fas.gov.ru:443 "GET /cases/e0d5c526-9735-483e-986a-5a7be844637f/?User-Agent=Mozilla%2F5.0+%28Macintosh%3B+Intel+Mac+OS+X+10.15%3B+rv%3A99.0%29+Gecko%2F20100101+Firefox%2F99.0 HTTP/1.1" 200 None
14:11:04 - connectionpool - DEBUG - _new_conn: 1001 - Starting new HTTPS connection (1): br.fas.gov.ru:443
14:11:04 - connectionpool - DEBUG - _make_request: 456 - https://br.fas.gov.ru:443 "GET /cases/e0d5c526-9735-483e-986a-5a7be844637f/?User-Agent=Mozilla%2F5.0+%28Macintosh%3B+Intel+Mac+OS+X+10.15%3B+rv%3A99.0%29+Gecko%2F20100101+Firefox%2F99.0 HTTP/1.1" 200 None
14:11:35 - connectionpool - DEBUG - _new_conn: 1001 - Starting new HTTPS connection (1): br.fas.gov.ru:443
14:11:36 - connectionpool - DEBUG - _make_request: 456 - https://br.fas.gov.ru:443 "GET /cases/e0d5c526-9735-483e-986a-5a7be844637f/?User-Agent=Mozilla%2F5.0+%28Macintosh%3B+Intel+Mac+OS+X+10.15%3B+rv%3A99.0%29+Gecko%2F20100101+Firefox%2F99.0 HTTP/1.1" 200 None
14:12:09 - connectionpool - DEBUG - _new_conn: 1001 - Starting new HTTPS connection (1): br.fas.gov.ru:443
14:12:10 - connectionpool - DEBUG - _make_request: 456 - https://br.fas.gov.ru:443 "GET /cases/e0d5c526-9735-483e-986a-5a7be844637f/?User-Agent=Mozilla%2F5.0+%28Macintosh%3B+Intel+Mac+OS+X+10.15%3B+rv%3A99.0%29+Gecko%2F20100101+Firefox%2F99.0 HTTP/1.1" 200 None
14:14:56 - connectionpool - DEBUG - _new_conn: 1001 - Starting new HTTPS connection (1): br.fas.gov.ru:443
14:14:56 - connectionpool - DEBUG - _make_request: 456 - https://br.fas.gov.ru:443 "GET /cases/e0d5c526-9735-483e-986a-5a7be844637f/?User-Agent=Mozilla%2F5.0+%28Macintosh%3B+Intel+Mac+OS+X+10.15%3B+rv%3A99.0%29+Gecko%2F20100101+Firefox%2F99.0 HTTP/1.1" 200 None
14:16:25 - connectionpool - DEBUG - _new_conn: 1001 - Starting new HTTPS connection (1): br.fas.gov.ru:443
14:16:25 - connectionpool - DEBUG - _make_request: 456 - https://br.fas.gov.ru:443 "GET /cases/e0d5c526-9735-483e-986a-5a7be844637f/?User-Agent=Mozilla%2F5.0+%28Macintosh%3B+Intel+Mac+OS+X+10.15%3B+rv%3A99.0%29+Gecko%2F20100101+Firefox%2F99.0 HTTP/1.1" 200 None
14:18:12 - connectionpool - DEBUG - _new_conn: 1001 - Starting new HTTPS connection (1): br.fas.gov.ru:443
14:18:12 - connectionpool - DEBUG - _make_request: 456 - https://br.fas.gov.ru:443 "GET /cases/e0d5c526-9735-483e-986a-5a7be844637f/?User-Agent=Mozilla%2F5.0+%28Macintosh%3B+Intel+Mac+OS+X+10.15%3B+rv%3A99.0%29+Gecko%2F20100101+Firefox%2F99.0 HTTP/1.1" 200 None
14:19:29 - connectionpool - DEBUG - _new_conn: 1001 - Starting new HTTPS connection (1): br.fas.gov.ru:443
14:19:30 - connectionpool - DEBUG - _make_request: 456 - https://br.fas.gov.ru:443 "GET /cases/e0d5c526-9735-483e-986a-5a7be844637f/?User-Agent=Mozilla%2F5.0+%28Macintosh%3B+Intel+Mac+OS+X+10.15%3B+rv%3A99.0%29+Gecko%2F20100101+Firefox%2F99.0 HTTP/1.1" 200 None
14:25:41 - connectionpool - DEBUG - _new_conn: 1001 - Starting new HTTPS connection (1): br.fas.gov.ru:443
14:25:41 - connectionpool - DEBUG - _make_request: 456 - https://br.fas.gov.ru:443 "GET /cases/e0d5c526-9735-483e-986a-5a7be844637f/?User-Agent=Mozilla%2F5.0+%28Macintosh%3B+Intel+Mac+OS+X+10.15%3B+rv%3A99.0%29+Gecko%2F20100101+Firefox%2F99.0 HTTP/1.1" 200 None
14:26:46 - connectionpool - DEBUG - _new_conn: 1001 - Starting new HTTPS connection (1): br.fas.gov.ru:443
14:26:47 - connectionpool - DEBUG - _make_request: 456 - https://br.fas.gov.ru:443 "GET /cases/e0d5c526-9735-483e-986a-5a7be844637f/?User-Agent=Mozilla%2F5.0+%28Macintosh%3B+Intel+Mac+OS+X+10.15%3B+rv%3A99.0%29+Gecko%2F20100101+Firefox%2F99.0 HTTP/1.1" 200 None
14:27:18 - connectionpool - DEBUG - _new_conn: 1001 - Starting new HTTPS connection (1): br.fas.gov.ru:443
14:27:19 - connectionpool - DEBUG - _make_request: 456 - https://br.fas.gov.ru:443 "GET /cases/e0d5c526-9735-483e-986a-5a7be844637f/?User-Agent=Mozilla%2F5.0+%28Macintosh%3B+Intel+Mac+OS+X+10.15%3B+rv%3A99.0%29+Gecko%2F20100101+Firefox%2F99.0 HTTP/1.1" 200 None
14:29:40 - connectionpool - DEBUG - _new_conn: 1001 - Starting new HTTPS connection (1): br.fas.gov.ru:443
14:29:41 - connectionpool - DEBUG - _make_request: 456 - https://br.fas.gov.ru:443 "GET /cases/e0d5c526-9735-483e-986a-5a7be844637f/?User-Agent=Mozilla%2F5.0+%28Macintosh%3B+Intel+Mac+OS+X+10.15%3B+rv%3A99.0%29+Gecko%2F20100101+Firefox%2F99.0 HTTP/1.1" 200 None
14:30:16 - connectionpool - DEBUG - _new_conn: 1001 - Starting new HTTPS connection (1): br.fas.gov.ru:443
14:30:17 - connectionpool - DEBUG - _make_request: 456 - https://br.fas.gov.ru:443 "GET /cases/e0d5c526-9735-483e-986a-5a7be844637f/?User-Agent=Mozilla%2F5.0+%28Macintosh%3B+Intel+Mac+OS+X+10.15%3B+rv%3A99.0%29+Gecko%2F20100101+Firefox%2F99.0 HTTP/1.1" 200 None
14:31:33 - connectionpool - DEBUG - _new_conn: 1001 - Starting new HTTPS connection (1): br.fas.gov.ru:443
14:31:33 - connectionpool - DEBUG - _make_request: 456 - https://br.fas.gov.ru:443 "GET /cases/e0d5c526-9735-483e-986a-5a7be844637f/?User-Agent=Mozilla%2F5.0+%28Macintosh%3B+Intel+Mac+OS+X+10.15%3B+rv%3A99.0%29+Gecko%2F20100101+Firefox%2F99.0 HTTP/1.1" 200 None
14:33:14 - connectionpool - DEBUG - _new_conn: 1001 - Starting new HTTPS connection (1): br.fas.gov.ru:443
14:33:14 - connectionpool - DEBUG - _make_request: 456 - https://br.fas.gov.ru:443 "GET /cases/e0d5c526-9735-483e-986a-5a7be844637f/?User-Agent=Mozilla%2F5.0+%28Macintosh%3B+Intel+Mac+OS+X+10.15%3B+rv%3A99.0%29+Gecko%2F20100101+Firefox%2F99.0 HTTP/1.1" 200 None
14:35:06 - connectionpool - DEBUG - _new_conn: 1001 - Starting new HTTPS connection (1): br.fas.gov.ru:443
14:35:07 - connectionpool - DEBUG - _make_request: 456 - https://br.fas.gov.ru:443 "GET /cases/e0d5c526-9735-483e-986a-5a7be844637f/?User-Agent=Mozilla%2F5.0+%28Macintosh%3B+Intel+Mac+OS+X+10.15%3B+rv%3A99.0%29+Gecko%2F20100101+Firefox%2F99.0 HTTP/1.1" 200 None
14:36:02 - connectionpool - DEBUG - _new_conn: 1001 - Starting new HTTPS connection (1): br.fas.gov.ru:443
14:36:03 - connectionpool - DEBUG - _make_request: 456 - https://br.fas.gov.ru:443 "GET /cases/e0d5c526-9735-483e-986a-5a7be844637f/?User-Agent=Mozilla%2F5.0+%28Macintosh%3B+Intel+Mac+OS+X+10.15%3B+rv%3A99.0%29+Gecko%2F20100101+Firefox%2F99.0 HTTP/1.1" 200 None
14:40:43 - connectionpool - DEBUG - _new_conn: 1001 - Starting new HTTPS connection (1): br.fas.gov.ru:443
14:40:44 - connectionpool - DEBUG - _make_request: 456 - https://br.fas.gov.ru:443 "GET /cases/e0d5c526-9735-483e-986a-5a7be844637f/?User-Agent=Mozilla%2F5.0+%28Macintosh%3B+Intel+Mac+OS+X+10.15%3B+rv%3A99.0%29+Gecko%2F20100101+Firefox%2F99.0 HTTP/1.1" 200 None
14:41:09 - connectionpool - DEBUG - _new_conn: 1001 - Starting new HTTPS connection (1): br.fas.gov.ru:443
14:41:10 - connectionpool - DEBUG - _make_request: 456 - https://br.fas.gov.ru:443 "GET /cases/e0d5c526-9735-483e-986a-5a7be844637f/?User-Agent=Mozilla%2F5.0+%28Macintosh%3B+Intel+Mac+OS+X+10.15%3B+rv%3A99.0%29+Gecko%2F20100101+Firefox%2F99.0 HTTP/1.1" 200 None
14:41:35 - connectionpool - DEBUG - _new_conn: 1001 - Starting new HTTPS connection (1): br.fas.gov.ru:443
14:41:36 - connectionpool - DEBUG - _make_request: 456 - https://br.fas.gov.ru:443 "GET /cases/e0d5c526-9735-483e-986a-5a7be844637f/?User-Agent=Mozilla%2F5.0+%28Macintosh%3B+Intel+Mac+OS+X+10.15%3B+rv%3A99.0%29+Gecko%2F20100101+Firefox%2F99.0 HTTP/1.1" 200 None
14:42:01 - connectionpool - DEBUG - _new_conn: 1001 - Starting new HTTPS connection (1): br.fas.gov.ru:443
14:42:02 - connectionpool - DEBUG - _make_request: 456 - https://br.fas.gov.ru:443 "GET /cases/e0d5c526-9735-483e-986a-5a7be844637f/?User-Agent=Mozilla%2F5.0+%28Macintosh%3B+Intel+Mac+OS+X+10.15%3B+rv%3A99.0%29+Gecko%2F20100101+Firefox%2F99.0 HTTP/1.1" 200 None
14:49:59 - connectionpool - DEBUG - _new_conn: 1001 - Starting new HTTPS connection (1): br.fas.gov.ru:443
14:49:59 - connectionpool - DEBUG - _make_request: 456 - https://br.fas.gov.ru:443 "GET /cases/e0d5c526-9735-483e-986a-5a7be844637f/?User-Agent=Mozilla%2F5.0+%28Macintosh%3B+Intel+Mac+OS+X+10.15%3B+rv%3A99.0%29+Gecko%2F20100101+Firefox%2F99.0 HTTP/1.1" 200 None
14:53:44 - connectionpool - DEBUG - _new_conn: 1001 - Starting new HTTPS connection (1): br.fas.gov.ru:443
14:53:45 - connectionpool - DEBUG - _make_request: 456 - https://br.fas.gov.ru:443 "GET /cases/e0d5c526-9735-483e-986a-5a7be844637f/?User-Agent=Mozilla%2F5.0+%28Macintosh%3B+Intel+Mac+OS+X+10.15%3B+rv%3A99.0%29+Gecko%2F20100101+Firefox%2F99.0 HTTP/1.1" 200 None
14:54:27 - connectionpool - DEBUG - _new_conn: 1001 - Starting new HTTPS connection (1): br.fas.gov.ru:443
14:54:28 - connectionpool - DEBUG - _make_request: 456 - https://br.fas.gov.ru:443 "GET /cases/e0d5c526-9735-483e-986a-5a7be844637f/?User-Agent=Mozilla%2F5.0+%28Macintosh%3B+Intel+Mac+OS+X+10.15%3B+rv%3A99.0%29+Gecko%2F20100101+Firefox%2F99.0 HTTP/1.1" 200 None
14:57:04 - connectionpool - DEBUG - _new_conn: 1001 - Starting new HTTPS connection (1): br.fas.gov.ru:443
14:57:04 - connectionpool - DEBUG - _make_request: 456 - https://br.fas.gov.ru:443 "GET /cases/e0d5c526-9735-483e-986a-5a7be844637f/?User-Agent=Mozilla%2F5.0+%28Macintosh%3B+Intel+Mac+OS+X+10.15%3B+rv%3A99.0%29+Gecko%2F20100101+Firefox%2F99.0 HTTP/1.1" 200 None
14:58:11 - connectionpool - DEBUG - _new_conn: 1001 - Starting new HTTPS connection (1): br.fas.gov.ru:443
14:58:12 - connectionpool - DEBUG - _make_request: 456 - https://br.fas.gov.ru:443 "GET /cases/e0d5c526-9735-483e-986a-5a7be844637f/?User-Agent=Mozilla%2F5.0+%28Macintosh%3B+Intel+Mac+OS+X+10.15%3B+rv%3A99.0%29+Gecko%2F20100101+Firefox%2F99.0 HTTP/1.1" 200 None
14:59:55 - connectionpool - DEBUG - _new_conn: 1001 - Starting new HTTPS connection (1): br.fas.gov.ru:443
14:59:56 - connectionpool - DEBUG - _make_request: 456 - https://br.fas.gov.ru:443 "GET /cases/e0d5c526-9735-483e-986a-5a7be844637f/?User-Agent=Mozilla%2F5.0+%28Macintosh%3B+Intel+Mac+OS+X+10.15%3B+rv%3A99.0%29+Gecko%2F20100101+Firefox%2F99.0 HTTP/1.1" 200 None
15:00:44 - connectionpool - DEBUG - _new_conn: 1001 - Starting new HTTPS connection (1): br.fas.gov.ru:443
15:00:46 - connectionpool - DEBUG - _make_request: 456 - https://br.fas.gov.ru:443 "GET /cases/e0d5c526-9735-483e-986a-5a7be844637f/?User-Agent=Mozilla%2F5.0+%28Macintosh%3B+Intel+Mac+OS+X+10.15%3B+rv%3A99.0%29+Gecko%2F20100101+Firefox%2F99.0 HTTP/1.1" 200 None
15:01:05 - connectionpool - DEBUG - _new_conn: 1001 - Starting new HTTPS connection (1): br.fas.gov.ru:443
15:01:05 - connectionpool - DEBUG - _make_request: 456 - https://br.fas.gov.ru:443 "GET /cases/e0d5c526-9735-483e-986a-5a7be844637f/?User-Agent=Mozilla%2F5.0+%28Macintosh%3B+Intel+Mac+OS+X+10.15%3B+rv%3A99.0%29+Gecko%2F20100101+Firefox%2F99.0 HTTP/1.1" 200 None
15:01:30 - connectionpool - DEBUG - _new_conn: 1001 - Starting new HTTPS connection (1): br.fas.gov.ru:443
15:01:32 - connectionpool - DEBUG - _make_request: 456 - https://br.fas.gov.ru:443 "GET /cases/e0d5c526-9735-483e-986a-5a7be844637f/?User-Agent=Mozilla%2F5.0+%28Macintosh%3B+Intel+Mac+OS+X+10.15%3B+rv%3A99.0%29+Gecko%2F20100101+Firefox%2F99.0 HTTP/1.1" 200 None
15:13:55 - connectionpool - DEBUG - _new_conn: 1001 - Starting new HTTPS connection (1): br.fas.gov.ru:443
15:13:55 - connectionpool - DEBUG - _make_request: 456 - https://br.fas.gov.ru:443 "GET /cases/e0d5c526-9735-483e-986a-5a7be844637f/?User-Agent=Mozilla%2F5.0+%28Macintosh%3B+Intel+Mac+OS+X+10.15%3B+rv%3A99.0%29+Gecko%2F20100101+Firefox%2F99.0 HTTP/1.1" 200 None
15:14:09 - connectionpool - DEBUG - _new_conn: 1001 - Starting new HTTPS connection (1): br.fas.gov.ru:443
15:14:10 - connectionpool - DEBUG - _make_request: 456 - https://br.fas.gov.ru:443 "GET /cases/e0d5c526-9735-483e-986a-5a7be844637f/?User-Agent=Mozilla%2F5.0+%28Macintosh%3B+Intel+Mac+OS+X+10.15%3B+rv%3A99.0%29+Gecko%2F20100101+Firefox%2F99.0 HTTP/1.1" 200 None
15:15:21 - connectionpool - DEBUG - _new_conn: 1001 - Starting new HTTPS connection (1): br.fas.gov.ru:443
15:15:22 - connectionpool - DEBUG - _make_request: 456 - https://br.fas.gov.ru:443 "GET /cases/e0d5c526-9735-483e-986a-5a7be844637f/?User-Agent=Mozilla%2F5.0+%28Macintosh%3B+Intel+Mac+OS+X+10.15%3B+rv%3A99.0%29+Gecko%2F20100101+Firefox%2F99.0 HTTP/1.1" 200 None
15:16:44 - connectionpool - DEBUG - _new_conn: 1001 - Starting new HTTPS connection (1): br.fas.gov.ru:443
15:16:45 - connectionpool - DEBUG - _make_request: 456 - https://br.fas.gov.ru:443 "GET /cases/e0d5c526-9735-483e-986a-5a7be844637f/?User-Agent=Mozilla%2F5.0+%28Macintosh%3B+Intel+Mac+OS+X+10.15%3B+rv%3A99.0%29+Gecko%2F20100101+Firefox%2F99.0 HTTP/1.1" 200 None
15:17:54 - connectionpool - DEBUG - _new_conn: 1001 - Starting new HTTPS connection (1): br.fas.gov.ru:443
15:17:55 - connectionpool - DEBUG - _make_request: 456 - https://br.fas.gov.ru:443 "GET /cases/e0d5c526-9735-483e-986a-5a7be844637f/?User-Agent=Mozilla%2F5.0+%28Macintosh%3B+Intel+Mac+OS+X+10.15%3B+rv%3A99.0%29+Gecko%2F20100101+Firefox%2F99.0 HTTP/1.1" 200 None
15:18:29 - connectionpool - DEBUG - _new_conn: 1001 - Starting new HTTPS connection (1): br.fas.gov.ru:443
15:18:30 - connectionpool - DEBUG - _make_request: 456 - https://br.fas.gov.ru:443 "GET /cases/e0d5c526-9735-483e-986a-5a7be844637f/?User-Agent=Mozilla%2F5.0+%28Macintosh%3B+Intel+Mac+OS+X+10.15%3B+rv%3A99.0%29+Gecko%2F20100101+Firefox%2F99.0 HTTP/1.1" 200 None
15:18:56 - connectionpool - DEBUG - _new_conn: 1001 - Starting new HTTPS connection (1): br.fas.gov.ru:443
15:18:57 - connectionpool - DEBUG - _make_request: 456 - https://br.fas.gov.ru:443 "GET /cases/e0d5c526-9735-483e-986a-5a7be844637f/?User-Agent=Mozilla%2F5.0+%28Macintosh%3B+Intel+Mac+OS+X+10.15%3B+rv%3A99.0%29+Gecko%2F20100101+Firefox%2F99.0 HTTP/1.1" 200 None
15:19:10 - connectionpool - DEBUG - _new_conn: 1001 - Starting new HTTPS connection (1): br.fas.gov.ru:443
15:19:10 - connectionpool - DEBUG - _make_request: 456 - https://br.fas.gov.ru:443 "GET /cases/e0d5c526-9735-483e-986a-5a7be844637f/?User-Agent=Mozilla%2F5.0+%28Macintosh%3B+Intel+Mac+OS+X+10.15%3B+rv%3A99.0%29+Gecko%2F20100101+Firefox%2F99.0 HTTP/1.1" 200 None
15:19:15 - connectionpool - DEBUG - _new_conn: 1001 - Starting new HTTPS connection (1): br.fas.gov.ru:443
15:19:15 - connectionpool - DEBUG - _make_request: 456 - https://br.fas.gov.ru:443 "GET /cases/e0d5c526-9735-483e-986a-5a7be844637f/?User-Agent=Mozilla%2F5.0+%28Macintosh%3B+Intel+Mac+OS+X+10.15%3B+rv%3A99.0%29+Gecko%2F20100101+Firefox%2F99.0 HTTP/1.1" 200 None
15:19:36 - connectionpool - DEBUG - _new_conn: 1001 - Starting new HTTPS connection (1): br.fas.gov.ru:443
15:19:36 - connectionpool - DEBUG - _make_request: 456 - https://br.fas.gov.ru:443 "GET /cases/e0d5c526-9735-483e-986a-5a7be844637f/?User-Agent=Mozilla%2F5.0+%28Macintosh%3B+Intel+Mac+OS+X+10.15%3B+rv%3A99.0%29+Gecko%2F20100101+Firefox%2F99.0 HTTP/1.1" 200 None
15:19:55 - connectionpool - DEBUG - _new_conn: 1001 - Starting new HTTPS connection (1): br.fas.gov.ru:443
15:19:55 - connectionpool - DEBUG - _make_request: 456 - https://br.fas.gov.ru:443 "GET /cases/e0d5c526-9735-483e-986a-5a7be844637f/?User-Agent=Mozilla%2F5.0+%28Macintosh%3B+Intel+Mac+OS+X+10.15%3B+rv%3A99.0%29+Gecko%2F20100101+Firefox%2F99.0 HTTP/1.1" 200 None
15:20:08 - connectionpool - DEBUG - _new_conn: 1001 - Starting new HTTPS connection (1): br.fas.gov.ru:443
15:20:09 - connectionpool - DEBUG - _make_request: 456 - https://br.fas.gov.ru:443 "GET /cases/e0d5c526-9735-483e-986a-5a7be844637f/?User-Agent=Mozilla%2F5.0+%28Macintosh%3B+Intel+Mac+OS+X+10.15%3B+rv%3A99.0%29+Gecko%2F20100101+Firefox%2F99.0 HTTP/1.1" 200 None
15:20:44 - connectionpool - DEBUG - _new_conn: 1001 - Starting new HTTPS connection (1): br.fas.gov.ru:443
15:20:45 - connectionpool - DEBUG - _make_request: 456 - https://br.fas.gov.ru:443 "GET /cases/e0d5c526-9735-483e-986a-5a7be844637f/?User-Agent=Mozilla%2F5.0+%28Macintosh%3B+Intel+Mac+OS+X+10.15%3B+rv%3A99.0%29+Gecko%2F20100101+Firefox%2F99.0 HTTP/1.1" 200 None
15:22:19 - connectionpool - DEBUG - _new_conn: 1001 - Starting new HTTPS connection (1): br.fas.gov.ru:443
15:22:20 - connectionpool - DEBUG - _make_request: 456 - https://br.fas.gov.ru:443 "GET /cases/e0d5c526-9735-483e-986a-5a7be844637f/?User-Agent=Mozilla%2F5.0+%28Macintosh%3B+Intel+Mac+OS+X+10.15%3B+rv%3A99.0%29+Gecko%2F20100101+Firefox%2F99.0 HTTP/1.1" 200 None
15:34:33 - connectionpool - DEBUG - _new_conn: 1001 - Starting new HTTPS connection (1): br.fas.gov.ru:443
15:34:34 - connectionpool - DEBUG - _make_request: 456 - https://br.fas.gov.ru:443 "GET /cases/e0d5c526-9735-483e-986a-5a7be844637f/?User-Agent=Mozilla%2F5.0+%28Macintosh%3B+Intel+Mac+OS+X+10.15%3B+rv%3A99.0%29+Gecko%2F20100101+Firefox%2F99.0 HTTP/1.1" 200 None
15:35:08 - connectionpool - DEBUG - _new_conn: 1001 - Starting new HTTPS connection (1): br.fas.gov.ru:443
15:35:09 - connectionpool - DEBUG - _make_request: 456 - https://br.fas.gov.ru:443 "GET /cases/e0d5c526-9735-483e-986a-5a7be844637f/?User-Agent=Mozilla%2F5.0+%28Macintosh%3B+Intel+Mac+OS+X+10.15%3B+rv%3A99.0%29+Gecko%2F20100101+Firefox%2F99.0 HTTP/1.1" 200 None
15:35:28 - connectionpool - DEBUG - _new_conn: 1001 - Starting new HTTPS connection (1): br.fas.gov.ru:443
15:35:29 - connectionpool - DEBUG - _make_request: 456 - https://br.fas.gov.ru:443 "GET /cases/e0d5c526-9735-483e-986a-5a7be844637f/?User-Agent=Mozilla%2F5.0+%28Macintosh%3B+Intel+Mac+OS+X+10.15%3B+rv%3A99.0%29+Gecko%2F20100101+Firefox%2F99.0 HTTP/1.1" 200 None
15:37:49 - connectionpool - DEBUG - _new_conn: 1001 - Starting new HTTPS connection (1): br.fas.gov.ru:443
15:37:50 - connectionpool - DEBUG - _make_request: 456 - https://br.fas.gov.ru:443 "GET /cases/e0d5c526-9735-483e-986a-5a7be844637f/?User-Agent=Mozilla%2F5.0+%28Macintosh%3B+Intel+Mac+OS+X+10.15%3B+rv%3A99.0%29+Gecko%2F20100101+Firefox%2F99.0 HTTP/1.1" 200 None
15:38:47 - connectionpool - DEBUG - _new_conn: 1001 - Starting new HTTPS connection (1): br.fas.gov.ru:443
15:38:48 - connectionpool - DEBUG - _make_request: 456 - https://br.fas.gov.ru:443 "GET /cases/e0d5c526-9735-483e-986a-5a7be844637f/?User-Agent=Mozilla%2F5.0+%28Macintosh%3B+Intel+Mac+OS+X+10.15%3B+rv%3A99.0%29+Gecko%2F20100101+Firefox%2F99.0 HTTP/1.1" 200 None
15:39:10 - connectionpool - DEBUG - _new_conn: 1001 - Starting new HTTPS connection (1): br.fas.gov.ru:443
15:39:10 - connectionpool - DEBUG - _make_request: 456 - https://br.fas.gov.ru:443 "GET /cases/e0d5c526-9735-483e-986a-5a7be844637f/?User-Agent=Mozilla%2F5.0+%28Macintosh%3B+Intel+Mac+OS+X+10.15%3B+rv%3A99.0%29+Gecko%2F20100101+Firefox%2F99.0 HTTP/1.1" 200 None
15:40:05 - connectionpool - DEBUG - _new_conn: 1001 - Starting new HTTPS connection (1): br.fas.gov.ru:443
15:40:06 - connectionpool - DEBUG - _make_request: 456 - https://br.fas.gov.ru:443 "GET /cases/e0d5c526-9735-483e-986a-5a7be844637f/?User-Agent=Mozilla%2F5.0+%28Macintosh%3B+Intel+Mac+OS+X+10.15%3B+rv%3A99.0%29+Gecko%2F20100101+Firefox%2F99.0 HTTP/1.1" 200 None
15:41:08 - connectionpool - DEBUG - _new_conn: 1001 - Starting new HTTPS connection (1): br.fas.gov.ru:443
15:41:09 - connectionpool - DEBUG - _make_request: 456 - https://br.fas.gov.ru:443 "GET /cases/e0d5c526-9735-483e-986a-5a7be844637f/?User-Agent=Mozilla%2F5.0+%28Macintosh%3B+Intel+Mac+OS+X+10.15%3B+rv%3A99.0%29+Gecko%2F20100101+Firefox%2F99.0 HTTP/1.1" 200 None
15:44:38 - connectionpool - DEBUG - _new_conn: 1001 - Starting new HTTPS connection (1): br.fas.gov.ru:443
15:44:38 - connectionpool - DEBUG - _make_request: 456 - https://br.fas.gov.ru:443 "GET /cases/e0d5c526-9735-483e-986a-5a7be844637f/?User-Agent=Mozilla%2F5.0+%28Macintosh%3B+Intel+Mac+OS+X+10.15%3B+rv%3A99.0%29+Gecko%2F20100101+Firefox%2F99.0 HTTP/1.1" 200 None
15:44:59 - connectionpool - DEBUG - _new_conn: 1001 - Starting new HTTPS connection (1): br.fas.gov.ru:443
15:44:59 - connectionpool - DEBUG - _make_request: 456 - https://br.fas.gov.ru:443 "GET /cases/e0d5c526-9735-483e-986a-5a7be844637f/?User-Agent=Mozilla%2F5.0+%28Macintosh%3B+Intel+Mac+OS+X+10.15%3B+rv%3A99.0%29+Gecko%2F20100101+Firefox%2F99.0 HTTP/1.1" 200 None
15:45:59 - connectionpool - DEBUG - _new_conn: 1001 - Starting new HTTPS connection (1): br.fas.gov.ru:443
15:46:00 - connectionpool - DEBUG - _make_request: 456 - https://br.fas.gov.ru:443 "GET /cases/e0d5c526-9735-483e-986a-5a7be844637f/?User-Agent=Mozilla%2F5.0+%28Macintosh%3B+Intel+Mac+OS+X+10.15%3B+rv%3A99.0%29+Gecko%2F20100101+Firefox%2F99.0 HTTP/1.1" 200 None
15:46:19 - connectionpool - DEBUG - _new_conn: 1001 - Starting new HTTPS connection (1): br.fas.gov.ru:443
15:46:20 - connectionpool - DEBUG - _make_request: 456 - https://br.fas.gov.ru:443 "GET /cases/e0d5c526-9735-483e-986a-5a7be844637f/?User-Agent=Mozilla%2F5.0+%28Macintosh%3B+Intel+Mac+OS+X+10.15%3B+rv%3A99.0%29+Gecko%2F20100101+Firefox%2F99.0 HTTP/1.1" 200 None
15:47:36 - connectionpool - DEBUG - _new_conn: 1001 - Starting new HTTPS connection (1): br.fas.gov.ru:443
15:47:37 - connectionpool - DEBUG - _make_request: 456 - https://br.fas.gov.ru:443 "GET /cases/e0d5c526-9735-483e-986a-5a7be844637f/?User-Agent=Mozilla%2F5.0+%28Macintosh%3B+Intel+Mac+OS+X+10.15%3B+rv%3A99.0%29+Gecko%2F20100101+Firefox%2F99.0 HTTP/1.1" 200 None
15:47:57 - connectionpool - DEBUG - _new_conn: 1001 - Starting new HTTPS connection (1): br.fas.gov.ru:443
15:47:58 - connectionpool - DEBUG - _make_request: 456 - https://br.fas.gov.ru:443 "GET /cases/e0d5c526-9735-483e-986a-5a7be844637f/?User-Agent=Mozilla%2F5.0+%28Macintosh%3B+Intel+Mac+OS+X+10.15%3B+rv%3A99.0%29+Gecko%2F20100101+Firefox%2F99.0 HTTP/1.1" 200 None
15:48:19 - connectionpool - DEBUG - _new_conn: 1001 - Starting new HTTPS connection (1): br.fas.gov.ru:443
15:48:20 - connectionpool - DEBUG - _make_request: 456 - https://br.fas.gov.ru:443 "GET /cases/e0d5c526-9735-483e-986a-5a7be844637f/?User-Agent=Mozilla%2F5.0+%28Macintosh%3B+Intel+Mac+OS+X+10.15%3B+rv%3A99.0%29+Gecko%2F20100101+Firefox%2F99.0 HTTP/1.1" 200 None
15:54:50 - connectionpool - DEBUG - _new_conn: 1001 - Starting new HTTPS connection (1): br.fas.gov.ru:443
15:54:50 - connectionpool - DEBUG - _make_request: 456 - https://br.fas.gov.ru:443 "GET /cases/e0d5c526-9735-483e-986a-5a7be844637f/?User-Agent=Mozilla%2F5.0+%28Macintosh%3B+Intel+Mac+OS+X+10.15%3B+rv%3A99.0%29+Gecko%2F20100101+Firefox%2F99.0 HTTP/1.1" 200 None
15:55:15 - connectionpool - DEBUG - _new_conn: 1001 - Starting new HTTPS connection (1): br.fas.gov.ru:443
15:55:15 - connectionpool - DEBUG - _make_request: 456 - https://br.fas.gov.ru:443 "GET /cases/e0d5c526-9735-483e-986a-5a7be844637f/?User-Agent=Mozilla%2F5.0+%28Macintosh%3B+Intel+Mac+OS+X+10.15%3B+rv%3A99.0%29+Gecko%2F20100101+Firefox%2F99.0 HTTP/1.1" 200 None
15:55:34 - connectionpool - DEBUG - _new_conn: 1001 - Starting new HTTPS connection (1): br.fas.gov.ru:443
15:55:34 - connectionpool - DEBUG - _make_request: 456 - https://br.fas.gov.ru:443 "GET /cases/e0d5c526-9735-483e-986a-5a7be844637f/?User-Agent=Mozilla%2F5.0+%28Macintosh%3B+Intel+Mac+OS+X+10.15%3B+rv%3A99.0%29+Gecko%2F20100101+Firefox%2F99.0 HTTP/1.1" 200 None
15:55:55 - connectionpool - DEBUG - _new_conn: 1001 - Starting new HTTPS connection (1): br.fas.gov.ru:443
15:55:56 - connectionpool - DEBUG - _make_request: 456 - https://br.fas.gov.ru:443 "GET /cases/e0d5c526-9735-483e-986a-5a7be844637f/?User-Agent=Mozilla%2F5.0+%28Macintosh%3B+Intel+Mac+OS+X+10.15%3B+rv%3A99.0%29+Gecko%2F20100101+Firefox%2F99.0 HTTP/1.1" 200 None
15:57:03 - connectionpool - DEBUG - _new_conn: 1001 - Starting new HTTPS connection (1): br.fas.gov.ru:443
15:57:04 - connectionpool - DEBUG - _make_request: 456 - https://br.fas.gov.ru:443 "GET /cases/e0d5c526-9735-483e-986a-5a7be844637f/?User-Agent=Mozilla%2F5.0+%28Macintosh%3B+Intel+Mac+OS+X+10.15%3B+rv%3A99.0%29+Gecko%2F20100101+Firefox%2F99.0 HTTP/1.1" 200 None
15:57:32 - connectionpool - DEBUG - _new_conn: 1001 - Starting new HTTPS connection (1): br.fas.gov.ru:443
15:57:32 - connectionpool - DEBUG - _make_request: 456 - https://br.fas.gov.ru:443 "GET /cases/e0d5c526-9735-483e-986a-5a7be844637f/?User-Agent=Mozilla%2F5.0+%28Macintosh%3B+Intel+Mac+OS+X+10.15%3B+rv%3A99.0%29+Gecko%2F20100101+Firefox%2F99.0 HTTP/1.1" 200 None
15:58:10 - connectionpool - DEBUG - _new_conn: 1001 - Starting new HTTPS connection (1): br.fas.gov.ru:443
15:58:11 - connectionpool - DEBUG - _make_request: 456 - https://br.fas.gov.ru:443 "GET /cases/e0d5c526-9735-483e-986a-5a7be844637f/?User-Agent=Mozilla%2F5.0+%28Macintosh%3B+Intel+Mac+OS+X+10.15%3B+rv%3A99.0%29+Gecko%2F20100101+Firefox%2F99.0 HTTP/1.1" 200 None
15:58:24 - connectionpool - DEBUG - _new_conn: 1001 - Starting new HTTPS connection (1): br.fas.gov.ru:443
15:58:25 - connectionpool - DEBUG - _make_request: 456 - https://br.fas.gov.ru:443 "GET /cases/e0d5c526-9735-483e-986a-5a7be844637f/?User-Agent=Mozilla%2F5.0+%28Macintosh%3B+Intel+Mac+OS+X+10.15%3B+rv%3A99.0%29+Gecko%2F20100101+Firefox%2F99.0 HTTP/1.1" 200 None
16:00:29 - connectionpool - DEBUG - _new_conn: 1001 - Starting new HTTPS connection (1): br.fas.gov.ru:443
16:00:30 - connectionpool - DEBUG - _make_request: 456 - https://br.fas.gov.ru:443 "GET /cases/e0d5c526-9735-483e-986a-5a7be844637f/?User-Agent=Mozilla%2F5.0+%28Macintosh%3B+Intel+Mac+OS+X+10.15%3B+rv%3A99.0%29+Gecko%2F20100101+Firefox%2F99.0 HTTP/1.1" 200 None
16:02:02 - connectionpool - DEBUG - _new_conn: 1001 - Starting new HTTPS connection (1): br.fas.gov.ru:443
16:02:02 - connectionpool - DEBUG - _make_request: 456 - https://br.fas.gov.ru:443 "GET /cases/e0d5c526-9735-483e-986a-5a7be844637f/?User-Agent=Mozilla%2F5.0+%28Macintosh%3B+Intel+Mac+OS+X+10.15%3B+rv%3A99.0%29+Gecko%2F20100101+Firefox%2F99.0 HTTP/1.1" 200 None
16:02:18 - connectionpool - DEBUG - _new_conn: 1001 - Starting new HTTPS connection (1): br.fas.gov.ru:443
16:02:18 - connectionpool - DEBUG - _make_request: 456 - https://br.fas.gov.ru:443 "GET /cases/e0d5c526-9735-483e-986a-5a7be844637f/?User-Agent=Mozilla%2F5.0+%28Macintosh%3B+Intel+Mac+OS+X+10.15%3B+rv%3A99.0%29+Gecko%2F20100101+Firefox%2F99.0 HTTP/1.1" 200 None
16:02:26 - connectionpool - DEBUG - _new_conn: 1001 - Starting new HTTPS connection (1): br.fas.gov.ru:443
16:02:27 - connectionpool - DEBUG - _make_request: 456 - https://br.fas.gov.ru:443 "GET /cases/e0d5c526-9735-483e-986a-5a7be844637f/?User-Agent=Mozilla%2F5.0+%28Macintosh%3B+Intel+Mac+OS+X+10.15%3B+rv%3A99.0%29+Gecko%2F20100101+Firefox%2F99.0 HTTP/1.1" 200 None
16:05:52 - connectionpool - DEBUG - _new_conn: 1001 - Starting new HTTPS connection (1): br.fas.gov.ru:443
16:05:53 - connectionpool - DEBUG - _make_request: 456 - https://br.fas.gov.ru:443 "GET /cases/e0d5c526-9735-483e-986a-5a7be844637f/?User-Agent=Mozilla%2F5.0+%28Macintosh%3B+Intel+Mac+OS+X+10.15%3B+rv%3A99.0%29+Gecko%2F20100101+Firefox%2F99.0 HTTP/1.1" 200 None
16:06:07 - connectionpool - DEBUG - _new_conn: 1001 - Starting new HTTPS connection (1): br.fas.gov.ru:443
16:06:08 - connectionpool - DEBUG - _make_request: 456 - https://br.fas.gov.ru:443 "GET /cases/e0d5c526-9735-483e-986a-5a7be844637f/?User-Agent=Mozilla%2F5.0+%28Macintosh%3B+Intel+Mac+OS+X+10.15%3B+rv%3A99.0%29+Gecko%2F20100101+Firefox%2F99.0 HTTP/1.1" 200 None
16:07:22 - connectionpool - DEBUG - _new_conn: 1001 - Starting new HTTPS connection (1): br.fas.gov.ru:443
16:07:22 - connectionpool - DEBUG - _make_request: 456 - https://br.fas.gov.ru:443 "GET /cases/e0d5c526-9735-483e-986a-5a7be844637f/?User-Agent=Mozilla%2F5.0+%28Macintosh%3B+Intel+Mac+OS+X+10.15%3B+rv%3A99.0%29+Gecko%2F20100101+Firefox%2F99.0 HTTP/1.1" 200 None
16:07:49 - connectionpool - DEBUG - _new_conn: 1001 - Starting new HTTPS connection (1): br.fas.gov.ru:443
16:07:49 - connectionpool - DEBUG - _make_request: 456 - https://br.fas.gov.ru:443 "GET /cases/e0d5c526-9735-483e-986a-5a7be844637f/?User-Agent=Mozilla%2F5.0+%28Macintosh%3B+Intel+Mac+OS+X+10.15%3B+rv%3A99.0%29+Gecko%2F20100101+Firefox%2F99.0 HTTP/1.1" 200 None
16:08:28 - connectionpool - DEBUG - _new_conn: 1001 - Starting new HTTPS connection (1): br.fas.gov.ru:443
16:08:28 - connectionpool - DEBUG - _make_request: 456 - https://br.fas.gov.ru:443 "GET /cases/e0d5c526-9735-483e-986a-5a7be844637f/?User-Agent=Mozilla%2F5.0+%28Macintosh%3B+Intel+Mac+OS+X+10.15%3B+rv%3A99.0%29+Gecko%2F20100101+Firefox%2F99.0 HTTP/1.1" 200 None
16:09:50 - connectionpool - DEBUG - _new_conn: 1001 - Starting new HTTPS connection (1): br.fas.gov.ru:443
16:09:51 - connectionpool - DEBUG - _make_request: 456 - https://br.fas.gov.ru:443 "GET /cases/e0d5c526-9735-483e-986a-5a7be844637f/?User-Agent=Mozilla%2F5.0+%28Macintosh%3B+Intel+Mac+OS+X+10.15%3B+rv%3A99.0%29+Gecko%2F20100101+Firefox%2F99.0 HTTP/1.1" 200 None
16:13:05 - connectionpool - DEBUG - _new_conn: 1001 - Starting new HTTPS connection (1): br.fas.gov.ru:443
16:13:05 - connectionpool - DEBUG - _make_request: 456 - https://br.fas.gov.ru:443 "GET /cases/e0d5c526-9735-483e-986a-5a7be844637f/?User-Agent=Mozilla%2F5.0+%28Macintosh%3B+Intel+Mac+OS+X+10.15%3B+rv%3A99.0%29+Gecko%2F20100101+Firefox%2F99.0 HTTP/1.1" 200 None
16:13:19 - connectionpool - DEBUG - _new_conn: 1001 - Starting new HTTPS connection (1): br.fas.gov.ru:443
16:13:19 - connectionpool - DEBUG - _make_request: 456 - https://br.fas.gov.ru:443 "GET /cases/e0d5c526-9735-483e-986a-5a7be844637f/?User-Agent=Mozilla%2F5.0+%28Macintosh%3B+Intel+Mac+OS+X+10.15%3B+rv%3A99.0%29+Gecko%2F20100101+Firefox%2F99.0 HTTP/1.1" 200 None
16:14:05 - connectionpool - DEBUG - _new_conn: 1001 - Starting new HTTPS connection (1): br.fas.gov.ru:443
16:14:05 - connectionpool - DEBUG - _make_request: 456 - https://br.fas.gov.ru:443 "GET /cases/e0d5c526-9735-483e-986a-5a7be844637f/?User-Agent=Mozilla%2F5.0+%28Macintosh%3B+Intel+Mac+OS+X+10.15%3B+rv%3A99.0%29+Gecko%2F20100101+Firefox%2F99.0 HTTP/1.1" 200 None
16:16:18 - connectionpool - DEBUG - _new_conn: 1001 - Starting new HTTPS connection (1): br.fas.gov.ru:443
16:16:18 - connectionpool - DEBUG - _make_request: 456 - https://br.fas.gov.ru:443 "GET /cases/e0d5c526-9735-483e-986a-5a7be844637f/?User-Agent=Mozilla%2F5.0+%28Macintosh%3B+Intel+Mac+OS+X+10.15%3B+rv%3A99.0%29+Gecko%2F20100101+Firefox%2F99.0 HTTP/1.1" 200 None
16:17:32 - connectionpool - DEBUG - _new_conn: 1001 - Starting new HTTPS connection (1): br.fas.gov.ru:443
16:17:33 - connectionpool - DEBUG - _make_request: 456 - https://br.fas.gov.ru:443 "GET /cases/e0d5c526-9735-483e-986a-5a7be844637f/?User-Agent=Mozilla%2F5.0+%28Macintosh%3B+Intel+Mac+OS+X+10.15%3B+rv%3A99.0%29+Gecko%2F20100101+Firefox%2F99.0 HTTP/1.1" 200 None
16:18:38 - connectionpool - DEBUG - _new_conn: 1001 - Starting new HTTPS connection (1): br.fas.gov.ru:443
16:18:39 - connectionpool - DEBUG - _make_request: 456 - https://br.fas.gov.ru:443 "GET /cases/e0d5c526-9735-483e-986a-5a7be844637f/?User-Agent=Mozilla%2F5.0+%28Macintosh%3B+Intel+Mac+OS+X+10.15%3B+rv%3A99.0%29+Gecko%2F20100101+Firefox%2F99.0 HTTP/1.1" 200 None
16:18:53 - connectionpool - DEBUG - _new_conn: 1001 - Starting new HTTPS connection (1): br.fas.gov.ru:443
16:18:54 - connectionpool - DEBUG - _make_request: 456 - https://br.fas.gov.ru:443 "GET /cases/e0d5c526-9735-483e-986a-5a7be844637f/?User-Agent=Mozilla%2F5.0+%28Macintosh%3B+Intel+Mac+OS+X+10.15%3B+rv%3A99.0%29+Gecko%2F20100101+Firefox%2F99.0 HTTP/1.1" 200 None
16:19:17 - connectionpool - DEBUG - _new_conn: 1001 - Starting new HTTPS connection (1): br.fas.gov.ru:443
16:19:17 - connectionpool - DEBUG - _make_request: 456 - https://br.fas.gov.ru:443 "GET /cases/e0d5c526-9735-483e-986a-5a7be844637f/?User-Agent=Mozilla%2F5.0+%28Macintosh%3B+Intel+Mac+OS+X+10.15%3B+rv%3A99.0%29+Gecko%2F20100101+Firefox%2F99.0 HTTP/1.1" 200 None
16:19:34 - connectionpool - DEBUG - _new_conn: 1001 - Starting new HTTPS connection (1): br.fas.gov.ru:443
16:19:35 - connectionpool - DEBUG - _make_request: 456 - https://br.fas.gov.ru:443 "GET /cases/e0d5c526-9735-483e-986a-5a7be844637f/?User-Agent=Mozilla%2F5.0+%28Macintosh%3B+Intel+Mac+OS+X+10.15%3B+rv%3A99.0%29+Gecko%2F20100101+Firefox%2F99.0 HTTP/1.1" 200 None
16:20:37 - connectionpool - DEBUG - _new_conn: 1001 - Starting new HTTPS connection (1): br.fas.gov.ru:443
16:20:38 - connectionpool - DEBUG - _make_request: 456 - https://br.fas.gov.ru:443 "GET /cases/e0d5c526-9735-483e-986a-5a7be844637f/?User-Agent=Mozilla%2F5.0+%28Macintosh%3B+Intel+Mac+OS+X+10.15%3B+rv%3A99.0%29+Gecko%2F20100101+Firefox%2F99.0 HTTP/1.1" 200 None
16:21:11 - connectionpool - DEBUG - _new_conn: 1001 - Starting new HTTPS connection (1): br.fas.gov.ru:443
16:21:12 - connectionpool - DEBUG - _make_request: 456 - https://br.fas.gov.ru:443 "GET /cases/e0d5c526-9735-483e-986a-5a7be844637f/?User-Agent=Mozilla%2F5.0+%28Macintosh%3B+Intel+Mac+OS+X+10.15%3B+rv%3A99.0%29+Gecko%2F20100101+Firefox%2F99.0 HTTP/1.1" 200 None
16:22:53 - connectionpool - DEBUG - _new_conn: 1001 - Starting new HTTPS connection (1): br.fas.gov.ru:443
16:22:54 - connectionpool - DEBUG - _make_request: 456 - https://br.fas.gov.ru:443 "GET /cases/e0d5c526-9735-483e-986a-5a7be844637f/?User-Agent=Mozilla%2F5.0+%28Macintosh%3B+Intel+Mac+OS+X+10.15%3B+rv%3A99.0%29+Gecko%2F20100101+Firefox%2F99.0 HTTP/1.1" 200 None
16:23:18 - connectionpool - DEBUG - _new_conn: 1001 - Starting new HTTPS connection (1): br.fas.gov.ru:443
16:23:19 - connectionpool - DEBUG - _make_request: 456 - https://br.fas.gov.ru:443 "GET /cases/e0d5c526-9735-483e-986a-5a7be844637f/?User-Agent=Mozilla%2F5.0+%28Macintosh%3B+Intel+Mac+OS+X+10.15%3B+rv%3A99.0%29+Gecko%2F20100101+Firefox%2F99.0 HTTP/1.1" 200 None
16:26:53 - connectionpool - DEBUG - _new_conn: 1001 - Starting new HTTPS connection (1): br.fas.gov.ru:443
16:26:53 - connectionpool - DEBUG - _make_request: 456 - https://br.fas.gov.ru:443 "GET /cases/e0d5c526-9735-483e-986a-5a7be844637f/?User-Agent=Mozilla%2F5.0+%28Macintosh%3B+Intel+Mac+OS+X+10.15%3B+rv%3A99.0%29+Gecko%2F20100101+Firefox%2F99.0 HTTP/1.1" 200 None
16:27:10 - connectionpool - DEBUG - _new_conn: 1001 - Starting new HTTPS connection (1): br.fas.gov.ru:443
16:27:11 - connectionpool - DEBUG - _make_request: 456 - https://br.fas.gov.ru:443 "GET /cases/e0d5c526-9735-483e-986a-5a7be844637f/?User-Agent=Mozilla%2F5.0+%28Macintosh%3B+Intel+Mac+OS+X+10.15%3B+rv%3A99.0%29+Gecko%2F20100101+Firefox%2F99.0 HTTP/1.1" 200 None
16:28:39 - connectionpool - DEBUG - _new_conn: 1001 - Starting new HTTPS connection (1): br.fas.gov.ru:443
16:28:39 - connectionpool - DEBUG - _make_request: 456 - https://br.fas.gov.ru:443 "GET /cases/e0d5c526-9735-483e-986a-5a7be844637f/?User-Agent=Mozilla%2F5.0+%28Macintosh%3B+Intel+Mac+OS+X+10.15%3B+rv%3A99.0%29+Gecko%2F20100101+Firefox%2F99.0 HTTP/1.1" 200 None
16:28:53 - connectionpool - DEBUG - _new_conn: 1001 - Starting new HTTPS connection (1): br.fas.gov.ru:443
16:28:54 - connectionpool - DEBUG - _make_request: 456 - https://br.fas.gov.ru:443 "GET /cases/e0d5c526-9735-483e-986a-5a7be844637f/?User-Agent=Mozilla%2F5.0+%28Macintosh%3B+Intel+Mac+OS+X+10.15%3B+rv%3A99.0%29+Gecko%2F20100101+Firefox%2F99.0 HTTP/1.1" 200 None
16:30:13 - connectionpool - DEBUG - _new_conn: 1001 - Starting new HTTPS connection (1): br.fas.gov.ru:443
16:30:14 - connectionpool - DEBUG - _make_request: 456 - https://br.fas.gov.ru:443 "GET /cases/e0d5c526-9735-483e-986a-5a7be844637f/?User-Agent=Mozilla%2F5.0+%28Macintosh%3B+Intel+Mac+OS+X+10.15%3B+rv%3A99.0%29+Gecko%2F20100101+Firefox%2F99.0 HTTP/1.1" 200 None
16:32:36 - connectionpool - DEBUG - _new_conn: 1001 - Starting new HTTPS connection (1): br.fas.gov.ru:443
16:32:37 - connectionpool - DEBUG - _make_request: 456 - https://br.fas.gov.ru:443 "GET /cases/e0d5c526-9735-483e-986a-5a7be844637f/?User-Agent=Mozilla%2F5.0+%28Macintosh%3B+Intel+Mac+OS+X+10.15%3B+rv%3A99.0%29+Gecko%2F20100101+Firefox%2F99.0 HTTP/1.1" 200 None
16:33:31 - connectionpool - DEBUG - _new_conn: 1001 - Starting new HTTPS connection (1): br.fas.gov.ru:443
16:33:31 - connectionpool - DEBUG - _make_request: 456 - https://br.fas.gov.ru:443 "GET /cases/e0d5c526-9735-483e-986a-5a7be844637f/?User-Agent=Mozilla%2F5.0+%28Macintosh%3B+Intel+Mac+OS+X+10.15%3B+rv%3A99.0%29+Gecko%2F20100101+Firefox%2F99.0 HTTP/1.1" 200 None
16:41:39 - connectionpool - DEBUG - _new_conn: 1001 - Starting new HTTPS connection (1): br.fas.gov.ru:443
16:41:40 - connectionpool - DEBUG - _make_request: 456 - https://br.fas.gov.ru:443 "GET /cases/e0d5c526-9735-483e-986a-5a7be844637f/?User-Agent=Mozilla%2F5.0+%28Macintosh%3B+Intel+Mac+OS+X+10.15%3B+rv%3A99.0%29+Gecko%2F20100101+Firefox%2F99.0 HTTP/1.1" 200 None
16:42:54 - connectionpool - DEBUG - _new_conn: 1001 - Starting new HTTPS connection (1): br.fas.gov.ru:443
16:42:54 - connectionpool - DEBUG - _make_request: 456 - https://br.fas.gov.ru:443 "GET /cases/e0d5c526-9735-483e-986a-5a7be844637f/?User-Agent=Mozilla%2F5.0+%28Macintosh%3B+Intel+Mac+OS+X+10.15%3B+rv%3A99.0%29+Gecko%2F20100101+Firefox%2F99.0 HTTP/1.1" 200 None
14:23:38 - connectionpool - DEBUG - _new_conn: 1001 - Starting new HTTPS connection (1): br.fas.gov.ru:443
14:23:39 - connectionpool - DEBUG - _make_request: 456 - https://br.fas.gov.ru:443 "GET /cases/e0d5c526-9735-483e-986a-5a7be844637f/?User-Agent=Mozilla%2F5.0+%28Macintosh%3B+Intel+Mac+OS+X+10.15%3B+rv%3A99.0%29+Gecko%2F20100101+Firefox%2F99.0 HTTP/1.1" 200 None
